{
  "stats": {
    "suites": 1,
    "tests": 9,
    "passes": 8,
    "pending": 0,
    "failures": 1,
    "start": "2026-05-16T12:50:07.247Z",
    "end": "2026-05-16T12:51:09.113Z",
    "duration": 61866,
    "testsRegistered": 9,
    "passPercent": 88.88888888888889,
    "pendingPercent": 0,
    "other": 0,
    "hasOther": false,
    "skipped": 0,
    "hasSkipped": false
  },
  "results": [
    {
      "uuid": "01f02faa-5cd9-4da0-8330-1211309c6649",
      "title": "",
      "fullFile": "cypress\\e2e\\JPetStore\\Fish_category.cy.js",
      "file": "cypress\\e2e\\JPetStore\\Fish_category.cy.js",
      "beforeHooks": [],
      "afterHooks": [],
      "tests": [],
      "suites": [
        {
          "uuid": "9bf8f242-4ca5-4074-8841-cc21b3928837",
          "title": "Add to Cart",
          "fullFile": "",
          "file": "",
          "beforeHooks": [],
          "afterHooks": [],
          "tests": [
            {
              "title": "verify user can add items to cart from Fish category ",
              "fullTitle": "Add to Cart verify user can add items to cart from Fish category ",
              "timedOut": null,
              "duration": 17200,
              "state": "passed",
              "speed": "slow",
              "pass": true,
              "fail": false,
              "pending": false,
              "context": null,
              "code": "//  cy.get('body').should('have.text','Fish');\ncy.get('body').should('contain.text', 'Fish');\ncy.xpath(_Selector.selectors.fish_ctgry).click();\ncy.xpath(_Selector.selectors.koi_productid).click();\ncy.contains('Add to Cart').should('be.visible');\ncy.xpath(_Selector.selectors.spotless_koi_cart_btn).click();\ncy.contains('Spotless Koi').should('be.visible');\n//angelfish\ncy.xpath(_Selector.selectors.return_to_main_menu_btn).click();\ncy.xpath(_Selector.selectors.fish_ctgry).click();\ncy.xpath(_Selector.selectors.angelfish_productid).click();\ncy.contains('Add to Cart').should('be.visible');\ncy.xpath(_Selector.selectors.small_angelfish_cart_btn).click();\ncy.contains('Small Angelfish').should('be.visible');\n//tiger shark\ncy.xpath(_Selector.selectors.return_to_main_menu_btn).click();\ncy.xpath(_Selector.selectors.fish_ctgry).click();\ncy.xpath(_Selector.selectors.tigershark_productid).click();\ncy.xpath(_Selector.selectors.tigershark_itemid).click();\ncy.contains('Add to Cart').should('be.visible');\ncy.xpath(_Selector.selectors.tigershark_cart_btn).click();\ncy.contains('Toothless Tiger Shark').should('be.visible');\n//goldfish\ncy.xpath(_Selector.selectors.return_to_main_menu_btn).click();\ncy.xpath(_Selector.selectors.fish_ctgry).click();\ncy.xpath(_Selector.selectors.goldfish_productid).click();\ncy.contains('Add to Cart').should('be.visible');\ncy.xpath(_Selector.selectors.adult_female_goldfish_cart_btn).click();\ncy.contains('Adult Female Goldfish').should('be.visible');\n//assertion\ncy.xpath(_Selector.selectors.cart_body).within(() => {\n  cy.contains('Spotless Koi').should('be.visible');\n  cy.contains('Small Angelfish').should('be.visible');\n  cy.contains('Toothless Tiger Shark').should('be.visible');\n  cy.contains('Adult Female Goldfish').should('be.visible');\n});",
              "err": {},
              "uuid": "152b3a3d-8ba2-4adb-b41f-6d36e4140210",
              "parentUUID": "9bf8f242-4ca5-4074-8841-cc21b3928837",
              "isHook": false,
              "skipped": false
            },
            {
              "title": "verify user can increase the item in cart",
              "fullTitle": "Add to Cart verify user can increase the item in cart",
              "timedOut": null,
              "duration": 1268,
              "state": "passed",
              "speed": "fast",
              "pass": true,
              "fail": false,
              "pending": false,
              "context": null,
              "code": "cy.xpath(_Selector.selectors.cart_btn).click();\ncy.xpath(_Selector.selectors.quantity).eq(3).clear().type('10');\ncy.xpath(_Selector.selectors.update_btn).click();\ncy.xpath(_Selector.selectors.quantity).eq(3).should('have.value', '10');",
              "err": {},
              "uuid": "171c2917-46ac-490a-8a6f-314fc6a56352",
              "parentUUID": "9bf8f242-4ca5-4074-8841-cc21b3928837",
              "isHook": false,
              "skipped": false
            },
            {
              "title": "verify user cannot decrease the item in cart below 0",
              "fullTitle": "Add to Cart verify user cannot decrease the item in cart below 0",
              "timedOut": null,
              "duration": 5698,
              "state": "failed",
              "speed": null,
              "pass": false,
              "fail": true,
              "pending": false,
              "context": "{\n  \"title\": \"cypress-mochawesome-reporter-screenshots\",\n  \"value\": [\n    [\n      \"\\\\JPetStore\\\\Fish_category.cy.js\\\\Add to Cart -- verify user cannot decrease the item in cart below 0 (failed) (1).png\"\n    ]\n  ]\n}",
              "code": "cy.xpath(_Selector.selectors.cart_btn).click();\ncy.xpath(_Selector.selectors.quantity).eq(0).clear().type('1');\ncy.xpath();\ncy.xpath(_Selector.selectors.update_btn).click();\ncy.xpath(_Selector.selectors.quantity).eq(0).should('have.value', '-1');",
              "err": {
                "message": "AssertionError: Timed out retrying after 4000ms: Expected to find element: `undefined`, but never found it.",
                "estack": "AssertionError: Timed out retrying after 4000ms: Expected to find element: `undefined`, but never found it.\n    at Context.eval (webpack://cypress/./cypress/e2e/JPetStore/Fish_category.cy.js:77:7)",
                "diff": null
              },
              "uuid": "1f2c7987-d7d9-4be7-bad3-d8eadc720dd3",
              "parentUUID": "9bf8f242-4ca5-4074-8841-cc21b3928837",
              "isHook": false,
              "skipped": false
            },
            {
              "title": "verify total price increases with quantity",
              "fullTitle": "Add to Cart verify total price increases with quantity",
              "timedOut": null,
              "duration": 5519,
              "state": "passed",
              "speed": "medium",
              "pass": true,
              "fail": false,
              "pending": false,
              "context": null,
              "code": "cy.xpath(_Selector.selectors.cart_btn).click();\nconst quantity = 5;\ncy.xpath(_Selector.selectors.item_price).eq(1).invoke('text').then(priceText => {\n  const itemPrice = parseFloat(priceText.replace('$', ''));\n  // FORCE reset quantity properly\n  cy.xpath(_Selector.selectors.quantity).eq(1).clear().type('{selectall}{backspace}' + quantity);\n  cy.xpath(_Selector.selectors.update_btn).click();\n  cy.wait(4000);\n  const expectedTotal = itemPrice * quantity;\n  cy.xpath(_Selector.selectors.total_cost).eq(1).invoke('text').then(totalText => {\n    const uiTotal = parseFloat(totalText.replace('$', ''));\n    cy.log('UI Total: ' + uiTotal);\n    cy.log('Expected Total: ' + expectedTotal);\n    expect(uiTotal).to.equal(expectedTotal);\n  });\n});",
              "err": {},
              "uuid": "47e7b4f8-85b6-4135-ac64-6125c4d8a598",
              "parentUUID": "9bf8f242-4ca5-4074-8841-cc21b3928837",
              "isHook": false,
              "skipped": false
            },
            {
              "title": "Verify user can remove an item from cart",
              "fullTitle": "Add to Cart Verify user can remove an item from cart",
              "timedOut": null,
              "duration": 1446,
              "state": "passed",
              "speed": "fast",
              "pass": true,
              "fail": false,
              "pending": false,
              "context": null,
              "code": "cy.xpath(_Selector.selectors.cart_btn).click();\ncy.xpath(_Selector.selectors.cart_body).should('contain.text', 'Remove');\ncy.xpath(_Selector.selectors.remove_aitem_btn).eq(2).click();",
              "err": {},
              "uuid": "80016dae-897a-4bc1-83c9-97f0ff21afe2",
              "parentUUID": "9bf8f242-4ca5-4074-8841-cc21b3928837",
              "isHook": false,
              "skipped": false
            },
            {
              "title": "verify user can remove all items from cart",
              "fullTitle": "Add to Cart verify user can remove all items from cart",
              "timedOut": null,
              "duration": 1634,
              "state": "passed",
              "speed": "fast",
              "pass": true,
              "fail": false,
              "pending": false,
              "context": null,
              "code": "cy.xpath(_Selector.selectors.cart_btn).click();\ncy.xpath(_Selector.selectors.cart_body).should('contain.text', 'Remove All');\ncy.xpath(_Selector.selectors.remove_all_btn).click();",
              "err": {},
              "uuid": "9dc2b06c-82eb-4e92-a57a-cb73f0e1c382",
              "parentUUID": "9bf8f242-4ca5-4074-8841-cc21b3928837",
              "isHook": false,
              "skipped": false
            },
            {
              "title": "verify user can checkout with valid credentials",
              "fullTitle": "Add to Cart verify user can checkout with valid credentials",
              "timedOut": null,
              "duration": 16547,
              "state": "passed",
              "speed": "slow",
              "pass": true,
              "fail": false,
              "pending": false,
              "context": null,
              "code": "//  cy.get('body').should('have.text','Fish');\ncy.get('body').should('contain.text', 'Fish');\ncy.xpath(_Selector.selectors.fish_ctgry).click();\ncy.xpath(_Selector.selectors.koi_productid).click();\ncy.contains('Add to Cart').should('be.visible');\ncy.xpath(_Selector.selectors.spotless_koi_cart_btn).click();\ncy.contains('Spotless Koi').should('be.visible');\n//angelfish\ncy.xpath(_Selector.selectors.return_to_main_menu_btn).click();\ncy.xpath(_Selector.selectors.fish_ctgry).click();\ncy.xpath(_Selector.selectors.angelfish_productid).click();\ncy.contains('Add to Cart').should('be.visible');\ncy.xpath(_Selector.selectors.small_angelfish_cart_btn).click();\ncy.contains('Small Angelfish').should('be.visible');\n//tiger shark\ncy.xpath(_Selector.selectors.return_to_main_menu_btn).click();\ncy.xpath(_Selector.selectors.fish_ctgry).click();\ncy.xpath(_Selector.selectors.tigershark_productid).click();\ncy.xpath(_Selector.selectors.tigershark_itemid).click();\ncy.contains('Add to Cart').should('be.visible');\ncy.xpath(_Selector.selectors.tigershark_cart_btn).click();\ncy.contains('Toothless Tiger Shark').should('be.visible');\n//goldfish\ncy.xpath(_Selector.selectors.return_to_main_menu_btn).click();\ncy.xpath(_Selector.selectors.fish_ctgry).click();\ncy.xpath(_Selector.selectors.goldfish_productid).click();\ncy.contains('Add to Cart').should('be.visible');\ncy.xpath(_Selector.selectors.adult_female_goldfish_cart_btn).click();\ncy.contains('Adult Female Goldfish').should('be.visible');\n//assertion\ncy.xpath(_Selector.selectors.cart_body).within(() => {\n  cy.contains('Spotless Koi').should('be.visible');\n  cy.contains('Small Angelfish').should('be.visible');\n  cy.contains('Toothless Tiger Shark').should('be.visible');\n  cy.contains('Adult Female Goldfish').should('be.visible');\n});\ncy.xpath(_Selector.selectors.cart_btn).click();\n// cy.xpath(selectors.cart_body).should('have.text','Proceed to Checkout' );\ncy.xpath(_Selector.selectors.checkout_btn).click();\ncy.xpath(_Selector.selectors.card_type).select('MasterCard');\ncy.xpath(_Selector.selectors.card_no).clear().type('16714712129838');\ncy.xpath(_Selector.selectors.expiry_date).clear().type('12/2029');\ncy.xpath(_Selector.selectors.checkout_firstname).clear().type('Zoya');\ncy.xpath(_Selector.selectors.checkout_lastname).clear().type('Khan');\ncy.xpath(_Selector.selectors.checkout_address1).clear().type('Sanga');\ncy.xpath(_Selector.selectors.checkout_address2).clear().type('Kavre');\ncy.xpath(_Selector.selectors.checkout_city).clear().type('Bhaktapur');\ncy.xpath(_Selector.selectors.checkout_state).clear().type('Bagmati');\ncy.xpath(_Selector.selectors.checkout_zip).clear().type('12345');\ncy.xpath(_Selector.selectors.checkout_country).clear().type(\"nepal\");\ncy.xpath(_Selector.selectors.checkout_continue_btn).click();\ncy.contains('Please confirm the information below and then press continue').should('be.visible');\ncy.xpath(_Selector.selectors.confirm_btn).click();\ncy.contains('Thank you, your order has been submitted.').should('be.visible');",
              "err": {},
              "uuid": "c503677c-60bb-45d6-8833-f27060f14bf2",
              "parentUUID": "9bf8f242-4ca5-4074-8841-cc21b3928837",
              "isHook": false,
              "skipped": false
            },
            {
              "title": "verify user cannot checkout with empty checkout details",
              "fullTitle": "Add to Cart verify user cannot checkout with empty checkout details",
              "timedOut": null,
              "duration": 4524,
              "state": "passed",
              "speed": "fast",
              "pass": true,
              "fail": false,
              "pending": false,
              "context": null,
              "code": "cy.xpath(_Selector.selectors.fish_ctgry).click();\ncy.xpath(_Selector.selectors.goldfish_productid).click();\ncy.contains('Add to Cart').should('be.visible');\ncy.xpath(_Selector.selectors.adult_female_goldfish_cart_btn).click();\ncy.contains('Adult Female Goldfish').should('be.visible');\n// cy.xpath(selectors.cart_body).should('have.text','Proceed to Checkout' );\ncy.xpath(_Selector.selectors.checkout_btn).click();\ncy.xpath(_Selector.selectors.card_no).clear();\ncy.xpath(_Selector.selectors.expiry_date).clear();\ncy.xpath(_Selector.selectors.checkout_firstname).clear();\ncy.xpath(_Selector.selectors.checkout_lastname).clear();\ncy.xpath(_Selector.selectors.checkout_address1).clear();\ncy.xpath(_Selector.selectors.checkout_address2).clear();\ncy.xpath(_Selector.selectors.checkout_city).clear();\ncy.xpath(_Selector.selectors.checkout_state).clear();\ncy.xpath(_Selector.selectors.checkout_zip).clear();\ncy.xpath(_Selector.selectors.checkout_country).clear();\ncy.xpath(_Selector.selectors.checkout_continue_btn).click();\ncy.contains('must not be blank').should('be.visible');",
              "err": {},
              "uuid": "0e2c707d-d174-4345-9b04-e2e6373e1a4b",
              "parentUUID": "9bf8f242-4ca5-4074-8841-cc21b3928837",
              "isHook": false,
              "skipped": false
            },
            {
              "title": "verify user can delete their order",
              "fullTitle": "Add to Cart verify user can delete their order",
              "timedOut": null,
              "duration": 7506,
              "state": "passed",
              "speed": "medium",
              "pass": true,
              "fail": false,
              "pending": false,
              "context": null,
              "code": "cy.xpath(_Selector.selectors.fish_ctgry).click();\ncy.xpath(_Selector.selectors.angelfish_productid).click();\ncy.contains('Add to Cart').should('be.visible');\ncy.xpath(_Selector.selectors.small_angelfish_cart_btn).click();\ncy.contains('Small Angelfish').should('be.visible');\n//  cy.xpath(selectors.cart_body).should('have.text','Proceed to Checkout' );\ncy.xpath(_Selector.selectors.checkout_btn).click();\ncy.xpath(_Selector.selectors.card_type).select('MasterCard');\ncy.xpath(_Selector.selectors.card_no).clear().type('16714712129838');\ncy.xpath(_Selector.selectors.expiry_date).clear().type('12/2029');\ncy.xpath(_Selector.selectors.checkout_firstname).clear().type('Zoya');\ncy.xpath(_Selector.selectors.checkout_lastname).clear().type('Khan');\ncy.xpath(_Selector.selectors.checkout_address1).clear().type('Sanga');\ncy.xpath(_Selector.selectors.checkout_address2).clear().type('Kavre');\ncy.xpath(_Selector.selectors.checkout_city).clear().type('Bhaktapur');\ncy.xpath(_Selector.selectors.checkout_state).clear().type('Bagmati');\ncy.xpath(_Selector.selectors.checkout_zip).clear().type('12345');\ncy.xpath(_Selector.selectors.checkout_country).clear().type(\"nepal\");\ncy.xpath(_Selector.selectors.checkout_continue_btn).click();\ncy.contains('Please confirm the information below and then press continue').should('be.visible');\ncy.xpath(_Selector.selectors.confirm_btn).click();\ncy.contains('Thank you, your order has been submitted.').should('be.visible');\ncy.xpath(_Selector.selectors.delete_btn).click();\ncy.log('Order deleted');",
              "err": {},
              "uuid": "5dec9b21-2e13-46cc-afb1-9cbbcd0c0966",
              "parentUUID": "9bf8f242-4ca5-4074-8841-cc21b3928837",
              "isHook": false,
              "skipped": false
            }
          ],
          "suites": [],
          "passes": [
            "152b3a3d-8ba2-4adb-b41f-6d36e4140210",
            "171c2917-46ac-490a-8a6f-314fc6a56352",
            "47e7b4f8-85b6-4135-ac64-6125c4d8a598",
            "80016dae-897a-4bc1-83c9-97f0ff21afe2",
            "9dc2b06c-82eb-4e92-a57a-cb73f0e1c382",
            "c503677c-60bb-45d6-8833-f27060f14bf2",
            "0e2c707d-d174-4345-9b04-e2e6373e1a4b",
            "5dec9b21-2e13-46cc-afb1-9cbbcd0c0966"
          ],
          "failures": [
            "1f2c7987-d7d9-4be7-bad3-d8eadc720dd3"
          ],
          "pending": [],
          "skipped": [],
          "duration": 61342,
          "root": false,
          "rootEmpty": false,
          "_timeout": 2000
        }
      ],
      "passes": [],
      "failures": [],
      "pending": [],
      "skipped": [],
      "duration": 0,
      "root": true,
      "rootEmpty": true,
      "_timeout": 2000
    }
  ],
  "meta": {
    "mocha": {
      "version": "7.2.0"
    },
    "mochawesome": {
      "options": {
        "quiet": false,
        "reportFilename": "mochawesome",
        "saveHtml": false,
        "saveJson": true,
        "consoleReporter": "spec",
        "useInlineDiffs": false,
        "code": true
      },
      "version": "7.1.4"
    },
    "marge": {
      "options": {
        "charts": true,
        "reportPageTitle": "Cypress Test Report",
        "embeddedScreenshots": true,
        "inlineAssets": true,
        "saveAllAttempts": false,
        "overwrite": false,
        "html": false,
        "json": true,
        "reportDir": "cypress\\reports\\html\\.jsons"
      },
      "version": "6.3.2"
    }
  }
}