{
  "stats": {
    "suites": 1,
    "tests": 5,
    "passes": 5,
    "pending": 0,
    "failures": 0,
    "start": "2026-05-12T12:47:24.174Z",
    "end": "2026-05-12T12:47:38.747Z",
    "duration": 14573,
    "testsRegistered": 5,
    "passPercent": 100,
    "pendingPercent": 0,
    "other": 0,
    "hasOther": false,
    "skipped": 0,
    "hasSkipped": false
  },
  "results": [
    {
      "uuid": "32adda07-c1e0-4ef2-97e1-3098128b4f52",
      "title": "",
      "fullFile": "cypress\\e2e\\JPetStore\\Login.cy.js",
      "file": "cypress\\e2e\\JPetStore\\Login.cy.js",
      "beforeHooks": [],
      "afterHooks": [],
      "tests": [],
      "suites": [
        {
          "uuid": "e2baa7cc-991f-4089-b57d-b8fbb6a53fa6",
          "title": "Registration",
          "fullFile": "",
          "file": "",
          "beforeHooks": [],
          "afterHooks": [],
          "tests": [
            {
              "title": "Verify user logins with valid creds",
              "fullTitle": "Registration Verify user logins with valid creds",
              "timedOut": null,
              "duration": 4632,
              "state": "passed",
              "speed": "fast",
              "pass": true,
              "fail": false,
              "pending": false,
              "context": null,
              "code": "//cy.visit('https://jpetstore.aspectran.com/')\ncy.xpath(_Selector.selectors.sign_in).click();\ncy.xpath(_Selector.selectors.username).clear().type(\"Selinaa\");\ncy.xpath(_Selector.selectors.login_password).clear().type(\"Pass@123\");\ncy.xpath(_Selector.selectors.login_btn).click();\ncy.contains('Welcome').should('be.visible');",
              "err": {},
              "uuid": "3eab118e-3faf-413d-a7ff-f4d28da659e5",
              "parentUUID": "e2baa7cc-991f-4089-b57d-b8fbb6a53fa6",
              "isHook": false,
              "skipped": false
            },
            {
              "title": "Verify user logins with empty creds. field",
              "fullTitle": "Registration Verify user logins with empty creds. field",
              "timedOut": null,
              "duration": 2694,
              "state": "passed",
              "speed": "fast",
              "pass": true,
              "fail": false,
              "pending": false,
              "context": null,
              "code": "//cy.visit('https://jpetstore.aspectran.com/')\ncy.xpath(_Selector.selectors.sign_in).click();\ncy.xpath(_Selector.selectors.username).clear();\ncy.xpath(_Selector.selectors.login_password).clear();\ncy.xpath(_Selector.selectors.login_btn).click();\ncy.contains('Invalid username or password. Signon failed.').should('be.visible');",
              "err": {},
              "uuid": "1853c9b6-5b8c-49dd-87b9-01bfa173ff69",
              "parentUUID": "e2baa7cc-991f-4089-b57d-b8fbb6a53fa6",
              "isHook": false,
              "skipped": false
            },
            {
              "title": "Verify user logins with empty username field",
              "fullTitle": "Registration Verify user logins with empty username field",
              "timedOut": null,
              "duration": 2197,
              "state": "passed",
              "speed": "fast",
              "pass": true,
              "fail": false,
              "pending": false,
              "context": null,
              "code": "//cy.visit('https://jpetstore.aspectran.com/')\ncy.xpath(_Selector.selectors.sign_in).click();\ncy.xpath(_Selector.selectors.login_password).clear().type(\"Pass@123\");\ncy.xpath(_Selector.selectors.login_btn).click();\ncy.contains('Invalid username or password. Signon failed.').should('be.visible');",
              "err": {},
              "uuid": "9a1651e0-0c6a-4bfa-b213-f3d5868cafa0",
              "parentUUID": "e2baa7cc-991f-4089-b57d-b8fbb6a53fa6",
              "isHook": false,
              "skipped": false
            },
            {
              "title": "Verify user logins with empty password field",
              "fullTitle": "Registration Verify user logins with empty password field",
              "timedOut": null,
              "duration": 2404,
              "state": "passed",
              "speed": "fast",
              "pass": true,
              "fail": false,
              "pending": false,
              "context": null,
              "code": "//cy.visit('https://jpetstore.aspectran.com/')\ncy.xpath(_Selector.selectors.sign_in).click();\ncy.xpath(_Selector.selectors.username).clear().type(\"Selinaa\");\ncy.xpath(_Selector.selectors.login_btn).click();\ncy.contains('Invalid username or password. Signon failed.').should('be.visible');",
              "err": {},
              "uuid": "0bcc5aa2-bb28-47a9-b1af-5bfaf226a65e",
              "parentUUID": "e2baa7cc-991f-4089-b57d-b8fbb6a53fa6",
              "isHook": false,
              "skipped": false
            },
            {
              "title": "Verify user logins with unregistered creds",
              "fullTitle": "Registration Verify user logins with unregistered creds",
              "timedOut": null,
              "duration": 2434,
              "state": "passed",
              "speed": "fast",
              "pass": true,
              "fail": false,
              "pending": false,
              "context": null,
              "code": "//cy.visit('https://jpetstore.aspectran.com/')\ncy.xpath(_Selector.selectors.sign_in).click();\ncy.xpath(_Selector.selectors.username).clear().type(\"Sarita\");\ncy.xpath(_Selector.selectors.login_password).clear().type('123');\ncy.xpath(_Selector.selectors.login_btn).click();\ncy.contains('Invalid username or password. Signon failed.').should('be.visible');",
              "err": {},
              "uuid": "d0501ae1-bf33-4421-9f05-77741f1e57a6",
              "parentUUID": "e2baa7cc-991f-4089-b57d-b8fbb6a53fa6",
              "isHook": false,
              "skipped": false
            }
          ],
          "suites": [],
          "passes": [
            "3eab118e-3faf-413d-a7ff-f4d28da659e5",
            "1853c9b6-5b8c-49dd-87b9-01bfa173ff69",
            "9a1651e0-0c6a-4bfa-b213-f3d5868cafa0",
            "0bcc5aa2-bb28-47a9-b1af-5bfaf226a65e",
            "d0501ae1-bf33-4421-9f05-77741f1e57a6"
          ],
          "failures": [],
          "pending": [],
          "skipped": [],
          "duration": 14361,
          "root": false,
          "rootEmpty": false,
          "_timeout": 2000
        }
      ],
      "passes": [],
      "failures": [],
      "pending": [],
      "skipped": [],
      "duration": 0,
      "root": true,
      "rootEmpty": true,
      "_timeout": 2000
    }
  ],
  "meta": {
    "mocha": {
      "version": "7.2.0"
    },
    "mochawesome": {
      "options": {
        "quiet": false,
        "reportFilename": "mochawesome",
        "saveHtml": false,
        "saveJson": true,
        "consoleReporter": "spec",
        "useInlineDiffs": false,
        "code": true
      },
      "version": "7.1.4"
    },
    "marge": {
      "options": {
        "charts": true,
        "reportPageTitle": "Cypress Test Report",
        "embeddedScreenshots": true,
        "inlineAssets": true,
        "saveAllAttempts": false,
        "overwrite": false,
        "html": false,
        "json": true,
        "reportDir": "cypress\\reports\\html\\.jsons"
      },
      "version": "6.3.2"
    }
  }
}