{
  "stats": {
    "suites": 1,
    "tests": 1,
    "passes": 0,
    "pending": 0,
    "failures": 1,
    "start": "2026-05-16T12:52:51.340Z",
    "end": "2026-05-16T12:53:05.912Z",
    "duration": 14572,
    "testsRegistered": 1,
    "passPercent": 0,
    "pendingPercent": 0,
    "other": 0,
    "hasOther": false,
    "skipped": 0,
    "hasSkipped": false
  },
  "results": [
    {
      "uuid": "4c2c954d-c0da-4c73-b2a2-348a9414cf35",
      "title": "",
      "fullFile": "cypress\\e2e\\JPetStore\\add_and_remove_withoutsession.cy.js",
      "file": "cypress\\e2e\\JPetStore\\add_and_remove_withoutsession.cy.js",
      "beforeHooks": [],
      "afterHooks": [],
      "tests": [],
      "suites": [
        {
          "uuid": "fe3096a6-a9c8-4e05-9e85-7122a466e674",
          "title": "Add and Remove items from Cart",
          "fullFile": "",
          "file": "",
          "beforeHooks": [],
          "afterHooks": [],
          "tests": [
            {
              "title": "verify user can add multiple items, remove one, then remove all from cart",
              "fullTitle": "Add and Remove items from Cart verify user can add multiple items, remove one, then remove all from cart",
              "timedOut": null,
              "duration": 14497,
              "state": "failed",
              "speed": null,
              "pass": false,
              "fail": true,
              "pending": false,
              "context": "{\n  \"title\": \"cypress-mochawesome-reporter-screenshots\",\n  \"value\": [\n    [\n      \"\\\\JPetStore\\\\add_and_remove_withoutsession.cy.js\\\\Add and Remove items from Cart -- verify user can add multiple items, remove one, then remove all from cart (failed).png\"\n    ]\n  ]\n}",
              "code": "// ─── ADD FIRST ITEM ───────────────────────────────────────────\ncy.xpath(_Selector.selectors.dogs_ctgry).click();\ncy.xpath(_Selector.selectors.bulldog_productid).click();\ncy.contains('Add to Cart').should('be.visible');\ncy.xpath(_Selector.selectors.male_adult_bulldog_cart_btn).click();\ncy.contains('Male Adult Bulldog').should('be.visible');\n// ─── ADD SECOND ITEM ──────────────────────────────────────────\ncy.xpath(_Selector.selectors.return_to_main_menu_btn).click();\ncy.xpath(_Selector.selectors.fish_ctgry).click();\ncy.xpath(_Selector.selectors.goldfish_productid).click();\ncy.contains('Add to Cart').should('be.visible');\ncy.xpath(_Selector.selectors.adult_female_goldfish_cart_btn).click();\ncy.contains('Adult Female Goldfish').should('be.visible');\n// ─── ADD THIRD ITEM ───────────────────────────────────────────\ncy.xpath(_Selector.selectors.return_to_main_menu_btn).click();\ncy.xpath(_Selector.selectors.fish_ctgry).click();\ncy.xpath(_Selector.selectors.angelfish_productid).click();\ncy.contains('Add to Cart').should('be.visible');\ncy.xpath(_Selector.selectors.small_angelfish_cart_btn).click();\ncy.contains('Small Angelfish').should('be.visible');\n// ─── ASSERT ALL 3 ITEMS IN CART ───────────────────────────────\ncy.xpath(_Selector.selectors.cart_body).within(() => {\n  cy.contains('Male Adult Bulldog').should('be.visible');\n  cy.contains('Adult Female Goldfish').should('be.visible');\n  cy.contains('Small Angelfish').should('be.visible');\n});\n// ─── REMOVE ONE ITEM ──────────────────────────────────────────\n// cy.xpath(selectors.cart_body).should('contain.text', 'Remove');\ncy.xpath(_Selector.selectors.small_angelfish_remove_btn).click();\ncy.log(\"Small Angelfish removed\");\n// ─── REMOVE ALL ITEMS ─────────────────────────────────────────\ncy.xpath(_Selector.selectors.cart_body).should('contain.text', 'Remove All');\ncy.xpath(_Selector.selectors.remove_all_btn).click();\ncy.log(\"All items removed from cart\");",
              "err": {
                "message": "AssertionError: Timed out retrying after 4000ms: Expected to find element: `undefined`, but never found it.",
                "estack": "AssertionError: Timed out retrying after 4000ms: Expected to find element: `undefined`, but never found it.\n    at Context.eval (webpack://cypress/./cypress/e2e/JPetStore/add_and_remove_withoutsession.cy.js:49:7)",
                "diff": null
              },
              "uuid": "b3d71f93-0784-4078-ac2e-0eb12de612c3",
              "parentUUID": "fe3096a6-a9c8-4e05-9e85-7122a466e674",
              "isHook": false,
              "skipped": false
            }
          ],
          "suites": [],
          "passes": [],
          "failures": [
            "b3d71f93-0784-4078-ac2e-0eb12de612c3"
          ],
          "pending": [],
          "skipped": [],
          "duration": 14497,
          "root": false,
          "rootEmpty": false,
          "_timeout": 2000
        }
      ],
      "passes": [],
      "failures": [],
      "pending": [],
      "skipped": [],
      "duration": 0,
      "root": true,
      "rootEmpty": true,
      "_timeout": 2000
    }
  ],
  "meta": {
    "mocha": {
      "version": "7.2.0"
    },
    "mochawesome": {
      "options": {
        "quiet": false,
        "reportFilename": "mochawesome",
        "saveHtml": false,
        "saveJson": true,
        "consoleReporter": "spec",
        "useInlineDiffs": false,
        "code": true
      },
      "version": "7.1.4"
    },
    "marge": {
      "options": {
        "charts": true,
        "reportPageTitle": "Cypress Test Report",
        "embeddedScreenshots": true,
        "inlineAssets": true,
        "saveAllAttempts": false,
        "overwrite": false,
        "html": false,
        "json": true,
        "reportDir": "cypress\\reports\\html\\.jsons"
      },
      "version": "6.3.2"
    }
  }
}