{
  "stats": {
    "suites": 1,
    "tests": 5,
    "passes": 5,
    "pending": 0,
    "failures": 0,
    "start": "2026-05-16T12:51:11.230Z",
    "end": "2026-05-16T12:51:24.421Z",
    "duration": 13191,
    "testsRegistered": 5,
    "passPercent": 100,
    "pendingPercent": 0,
    "other": 0,
    "hasOther": false,
    "skipped": 0,
    "hasSkipped": false
  },
  "results": [
    {
      "uuid": "2fdebc5f-9480-4aa3-8088-1a033f46d28a",
      "title": "",
      "fullFile": "cypress\\e2e\\JPetStore\\Login.cy.js",
      "file": "cypress\\e2e\\JPetStore\\Login.cy.js",
      "beforeHooks": [],
      "afterHooks": [],
      "tests": [],
      "suites": [
        {
          "uuid": "aed17798-7cca-4a58-8688-9067303ea291",
          "title": "Registration",
          "fullFile": "",
          "file": "",
          "beforeHooks": [],
          "afterHooks": [],
          "tests": [
            {
              "title": "Verify user logins with valid creds",
              "fullTitle": "Registration Verify user logins with valid creds",
              "timedOut": null,
              "duration": 5637,
              "state": "passed",
              "speed": "medium",
              "pass": true,
              "fail": false,
              "pending": false,
              "context": null,
              "code": "//cy.visit('https://jpetstore.aspectran.com/')\ncy.xpath(_Selector.selectors.sign_in).click();\ncy.xpath(_Selector.selectors.username).clear().type(\"Selinaa\");\ncy.xpath(_Selector.selectors.login_password).clear().type(\"Pass@123\");\ncy.xpath(_Selector.selectors.login_btn).click();\ncy.contains('Welcome').should('be.visible');",
              "err": {},
              "uuid": "e566195e-c657-4976-904d-208bba2ef633",
              "parentUUID": "aed17798-7cca-4a58-8688-9067303ea291",
              "isHook": false,
              "skipped": false
            },
            {
              "title": "Verify user logins with empty creds. field",
              "fullTitle": "Registration Verify user logins with empty creds. field",
              "timedOut": null,
              "duration": 1552,
              "state": "passed",
              "speed": "fast",
              "pass": true,
              "fail": false,
              "pending": false,
              "context": null,
              "code": "//cy.visit('https://jpetstore.aspectran.com/')\ncy.xpath(_Selector.selectors.sign_in).click();\ncy.xpath(_Selector.selectors.username).clear();\ncy.xpath(_Selector.selectors.login_password).clear();\ncy.xpath(_Selector.selectors.login_btn).click();\ncy.contains('Invalid username or password. Signon failed.').should('be.visible');",
              "err": {},
              "uuid": "a79ac43d-9af6-4a0c-ad27-b3d5765274ea",
              "parentUUID": "aed17798-7cca-4a58-8688-9067303ea291",
              "isHook": false,
              "skipped": false
            },
            {
              "title": "Verify user logins with empty username field",
              "fullTitle": "Registration Verify user logins with empty username field",
              "timedOut": null,
              "duration": 1595,
              "state": "passed",
              "speed": "fast",
              "pass": true,
              "fail": false,
              "pending": false,
              "context": null,
              "code": "//cy.visit('https://jpetstore.aspectran.com/')\ncy.xpath(_Selector.selectors.sign_in).click();\ncy.xpath(_Selector.selectors.login_password).clear().type(\"Pass@123\");\ncy.xpath(_Selector.selectors.login_btn).click();\ncy.contains('Invalid username or password. Signon failed.').should('be.visible');",
              "err": {},
              "uuid": "a467dbf1-bf37-449e-b7a8-761aee4377d0",
              "parentUUID": "aed17798-7cca-4a58-8688-9067303ea291",
              "isHook": false,
              "skipped": false
            },
            {
              "title": "Verify user logins with empty password field",
              "fullTitle": "Registration Verify user logins with empty password field",
              "timedOut": null,
              "duration": 1825,
              "state": "passed",
              "speed": "fast",
              "pass": true,
              "fail": false,
              "pending": false,
              "context": null,
              "code": "//cy.visit('https://jpetstore.aspectran.com/')\ncy.xpath(_Selector.selectors.sign_in).click();\ncy.xpath(_Selector.selectors.username).clear().type(\"Selinaa\");\ncy.xpath(_Selector.selectors.login_btn).click();\ncy.contains('Invalid username or password. Signon failed.').should('be.visible');",
              "err": {},
              "uuid": "cca79bf0-4d91-4a6d-bdfa-3fc8426b878a",
              "parentUUID": "aed17798-7cca-4a58-8688-9067303ea291",
              "isHook": false,
              "skipped": false
            },
            {
              "title": "Verify user logins with unregistered creds",
              "fullTitle": "Registration Verify user logins with unregistered creds",
              "timedOut": null,
              "duration": 2146,
              "state": "passed",
              "speed": "fast",
              "pass": true,
              "fail": false,
              "pending": false,
              "context": null,
              "code": "//cy.visit('https://jpetstore.aspectran.com/')\ncy.xpath(_Selector.selectors.sign_in).click();\ncy.xpath(_Selector.selectors.username).clear().type(\"Sarita\");\ncy.xpath(_Selector.selectors.login_password).clear().type('123');\ncy.xpath(_Selector.selectors.login_btn).click();\ncy.contains('Invalid username or password. Signon failed.').should('be.visible');",
              "err": {},
              "uuid": "e084c1ff-666a-48da-be2f-f18dc4869155",
              "parentUUID": "aed17798-7cca-4a58-8688-9067303ea291",
              "isHook": false,
              "skipped": false
            }
          ],
          "suites": [],
          "passes": [
            "e566195e-c657-4976-904d-208bba2ef633",
            "a79ac43d-9af6-4a0c-ad27-b3d5765274ea",
            "a467dbf1-bf37-449e-b7a8-761aee4377d0",
            "cca79bf0-4d91-4a6d-bdfa-3fc8426b878a",
            "e084c1ff-666a-48da-be2f-f18dc4869155"
          ],
          "failures": [],
          "pending": [],
          "skipped": [],
          "duration": 12755,
          "root": false,
          "rootEmpty": false,
          "_timeout": 2000
        }
      ],
      "passes": [],
      "failures": [],
      "pending": [],
      "skipped": [],
      "duration": 0,
      "root": true,
      "rootEmpty": true,
      "_timeout": 2000
    }
  ],
  "meta": {
    "mocha": {
      "version": "7.2.0"
    },
    "mochawesome": {
      "options": {
        "quiet": false,
        "reportFilename": "mochawesome",
        "saveHtml": false,
        "saveJson": true,
        "consoleReporter": "spec",
        "useInlineDiffs": false,
        "code": true
      },
      "version": "7.1.4"
    },
    "marge": {
      "options": {
        "charts": true,
        "reportPageTitle": "Cypress Test Report",
        "embeddedScreenshots": true,
        "inlineAssets": true,
        "saveAllAttempts": false,
        "overwrite": false,
        "html": false,
        "json": true,
        "reportDir": "cypress\\reports\\html\\.jsons"
      },
      "version": "6.3.2"
    }
  }
}