{
  "stats": {
    "suites": 1,
    "tests": 1,
    "passes": 1,
    "pending": 0,
    "failures": 0,
    "start": "2026-05-16T12:49:53.428Z",
    "end": "2026-05-16T12:50:05.351Z",
    "duration": 11923,
    "testsRegistered": 1,
    "passPercent": 100,
    "pendingPercent": 0,
    "other": 0,
    "hasOther": false,
    "skipped": 0,
    "hasSkipped": false
  },
  "results": [
    {
      "uuid": "16378212-d761-4bcb-9bcc-d6fac16cc3e7",
      "title": "",
      "fullFile": "cypress\\e2e\\JPetStore\\Firsttest.cy.js",
      "file": "cypress\\e2e\\JPetStore\\Firsttest.cy.js",
      "beforeHooks": [],
      "afterHooks": [],
      "tests": [],
      "suites": [
        {
          "uuid": "92350bcb-6295-4aba-919f-a2979b58db5c",
          "title": "My First Test Suite",
          "fullFile": "",
          "file": "",
          "beforeHooks": [],
          "afterHooks": [],
          "tests": [
            {
              "title": "My first test case",
              "fullTitle": "My First Test Suite My first test case",
              "timedOut": null,
              "duration": 11822,
              "state": "passed",
              "speed": "slow",
              "pass": true,
              "fail": false,
              "pending": false,
              "context": null,
              "code": "cy.visit('https://jpetstore.aspectran.com/');\ncy.get('#jpetstore-content > div:nth-child(1) > div > div.me-lg-3.mb-lg-0 > a.btn.btn-outline-light.me-2').should('have.text', 'Sign In');\ncy.xpath('/html/body/section/div[2]/div[1]/div/div[1]/ul/li[1]/a').should('have.text', 'Fish');\ncy.wait(4000);\ncy.xpath('/html/body/section/div[2]/div[1]/div/div[2]/a[2]').click();\n//  cy.xpath('/html/body/section/div[2]/div[1]/div/div[2]/a[2]').should('have.text', 'Login')\ncy.xpath('/html/body/section/div[2]/div[2]/div/div/div[1]/div/form/div[1]/input').clear().type(\"saina\");\ncy.xpath('/html/body/section/div[2]/div[2]/div/div/div[1]/div/form/div[2]/input').clear().type(\"Password\");\ncy.wait(4000);\ncy.xpath('/html/body/section/div[2]/div[1]/div/div[2]/a[2]').click();",
              "err": {},
              "uuid": "f555870a-b021-4179-9a1b-c8be2d924e22",
              "parentUUID": "92350bcb-6295-4aba-919f-a2979b58db5c",
              "isHook": false,
              "skipped": false
            }
          ],
          "suites": [],
          "passes": [
            "f555870a-b021-4179-9a1b-c8be2d924e22"
          ],
          "failures": [],
          "pending": [],
          "skipped": [],
          "duration": 11822,
          "root": false,
          "rootEmpty": false,
          "_timeout": 2000
        }
      ],
      "passes": [],
      "failures": [],
      "pending": [],
      "skipped": [],
      "duration": 0,
      "root": true,
      "rootEmpty": true,
      "_timeout": 2000
    }
  ],
  "meta": {
    "mocha": {
      "version": "7.2.0"
    },
    "mochawesome": {
      "options": {
        "quiet": false,
        "reportFilename": "mochawesome",
        "saveHtml": false,
        "saveJson": true,
        "consoleReporter": "spec",
        "useInlineDiffs": false,
        "code": true
      },
      "version": "7.1.4"
    },
    "marge": {
      "options": {
        "charts": true,
        "reportPageTitle": "Cypress Test Report",
        "embeddedScreenshots": true,
        "inlineAssets": true,
        "saveAllAttempts": false,
        "overwrite": false,
        "html": false,
        "json": true,
        "reportDir": "cypress\\reports\\html\\.jsons"
      },
      "version": "6.3.2"
    }
  }
}