{
  "stats": {
    "suites": 1,
    "tests": 9,
    "passes": 9,
    "pending": 0,
    "failures": 0,
    "start": "2026-05-16T12:48:37.023Z",
    "end": "2026-05-16T12:49:51.558Z",
    "duration": 74535,
    "testsRegistered": 9,
    "passPercent": 100,
    "pendingPercent": 0,
    "other": 0,
    "hasOther": false,
    "skipped": 0,
    "hasSkipped": false
  },
  "results": [
    {
      "uuid": "57635c6e-dd49-47d8-885d-4708cbe8ae03",
      "title": "",
      "fullFile": "cypress\\e2e\\JPetStore\\Dogs_category.cy.js",
      "file": "cypress\\e2e\\JPetStore\\Dogs_category.cy.js",
      "beforeHooks": [],
      "afterHooks": [],
      "tests": [],
      "suites": [
        {
          "uuid": "23307677-3ab9-4980-bcf6-abb33705a290",
          "title": "Add to Cart",
          "fullFile": "",
          "file": "",
          "beforeHooks": [],
          "afterHooks": [],
          "tests": [
            {
              "title": "verify user can add items to cart from Dogs category",
              "fullTitle": "Add to Cart verify user can add items to cart from Dogs category",
              "timedOut": null,
              "duration": 19363,
              "state": "passed",
              "speed": "slow",
              "pass": true,
              "fail": false,
              "pending": false,
              "context": null,
              "code": "cy.get('body').should('contain.text', 'Dogs');\ncy.xpath(_Selector.selectors.dogs_ctgry).click();\ncy.xpath(_Selector.selectors.bulldog_productid).click();\ncy.contains('Add to Cart').should('be.visible');\ncy.xpath(_Selector.selectors.male_adult_bulldog_cart_btn).click();\ncy.contains('Male Adult Bulldog').should('be.visible');\n//\ncy.xpath(_Selector.selectors.return_to_main_menu_btn).click();\ncy.xpath(_Selector.selectors.dogs_ctgry).click();\ncy.xpath(_Selector.selectors.poodle_productid).click();\ncy.xpath(_Selector.selectors.poodle_itemid).click();\ncy.contains('Add to Cart').should('be.visible');\ncy.xpath(_Selector.selectors.poodle_cart_btn).click();\ncy.contains(\"Male Puppy Poodle\").should('be.visible');\n//\ncy.xpath(_Selector.selectors.return_to_main_menu_btn).click();\ncy.xpath(_Selector.selectors.dogs_ctgry).click();\ncy.xpath(_Selector.selectors.dalmation_product_id).click();\ncy.contains('Add to Cart').should('be.visible');\ncy.xpath(_Selector.selectors.Spotted_Adult_Female_Dalmation_cart_btn).click();\ncy.contains(\"Adult Female Dalmation\").should('be.visible');\n//\ncy.xpath(_Selector.selectors.return_to_main_menu_btn).click();\ncy.xpath(_Selector.selectors.dogs_ctgry).click();\ncy.xpath(_Selector.selectors.golden_retriever_produt_id).click();\ncy.contains('Add to Cart').should('be.visible');\ncy.xpath(_Selector.selectors.adult_female_golden_retriever_cart_btn).click();\ncy.contains('Adult Female Golden Retriever').should('be.visible');\n//\ncy.xpath(_Selector.selectors.return_to_main_menu_btn).click();\ncy.xpath(_Selector.selectors.dogs_ctgry).click();\ncy.xpath(_Selector.selectors.labrador_retriever_product_id).click();\ncy.contains('Add to Cart').should('be.visible');\ncy.xpath(_Selector.selectors.adult_male_labrador_retriever_cart_btn).click();\ncy.contains('Adult Male Labrador Retriever').should('be.visible');\n//\ncy.xpath(_Selector.selectors.return_to_main_menu_btn).click();\ncy.xpath(_Selector.selectors.dogs_ctgry).click();\ncy.xpath(_Selector.selectors.chihuahua_productid).click();\ncy.contains('Add to Cart').should('be.visible');\ncy.xpath(_Selector.selectors.adult_female_chihuahua_cartbtn).click();\ncy.contains('Adult Female Chihuahua').should('be.visible');\n//assertion\ncy.xpath(_Selector.selectors.cart_body).within(() => {\n  cy.contains('Male Adult Bulldog').should('be.visible');\n  cy.contains('Male Puppy Poodle').should('be.visible');\n  cy.contains('Adult Female Dalmation').should('be.visible');\n  cy.contains('Adult Female Golden Retriever').should('be.visible');\n  cy.contains('Adult Male Labrador Retriever').should('be.visible');\n  cy.contains('Adult Female Chihuahua').should('be.visible');\n});",
              "err": {},
              "uuid": "e6633f9e-fd65-421f-b3c3-c80f32b14640",
              "parentUUID": "23307677-3ab9-4980-bcf6-abb33705a290",
              "isHook": false,
              "skipped": false
            },
            {
              "title": "verify user can increase the item in cart",
              "fullTitle": "Add to Cart verify user can increase the item in cart",
              "timedOut": null,
              "duration": 1328,
              "state": "passed",
              "speed": "fast",
              "pass": true,
              "fail": false,
              "pending": false,
              "context": null,
              "code": "cy.xpath(_Selector.selectors.cart_btn).click();\ncy.xpath(_Selector.selectors.quantity).eq(3).clear().type('10');\ncy.xpath(_Selector.selectors.update_btn).click();\ncy.xpath(_Selector.selectors.quantity).eq(3).should('have.value', '10');",
              "err": {},
              "uuid": "6678cc8e-5afb-4c1f-a1a0-ac892cab931c",
              "parentUUID": "23307677-3ab9-4980-bcf6-abb33705a290",
              "isHook": false,
              "skipped": false
            },
            {
              "title": "verify user cannot decrease the item in cart below 0",
              "fullTitle": "Add to Cart verify user cannot decrease the item in cart below 0",
              "timedOut": null,
              "duration": 1683,
              "state": "passed",
              "speed": "fast",
              "pass": true,
              "fail": false,
              "pending": false,
              "context": null,
              "code": "cy.xpath(_Selector.selectors.cart_btn).click();\ncy.xpath(_Selector.selectors.quantity).eq(0).clear().type('-1');\ncy.xpath(_Selector.selectors.update_btn).click();\ncy.xpath(_Selector.selectors.quantity).eq(0).should('have.value', '-1');",
              "err": {},
              "uuid": "28cdf3b0-1ed3-4cba-a910-5fabcc69abf0",
              "parentUUID": "23307677-3ab9-4980-bcf6-abb33705a290",
              "isHook": false,
              "skipped": false
            },
            {
              "title": "verify total price increases with quantity",
              "fullTitle": "Add to Cart verify total price increases with quantity",
              "timedOut": null,
              "duration": 13013,
              "state": "passed",
              "speed": "slow",
              "pass": true,
              "fail": false,
              "pending": false,
              "context": null,
              "code": "cy.xpath(_Selector.selectors.cart_btn).click();\nconst quantity = 5;\ncy.xpath(_Selector.selectors.item_price).eq(1).invoke('text').then(priceText => {\n  const itemPrice = parseFloat(priceText.replace('$', ''));\n  // FORCE reset quantity properly\n  //  cy.xpath(selectors.quantity).eq(1).clear().type('{selectall}{backspace}' + quantity);\n  cy.wait(5000);\n  cy.xpath(_Selector.selectors.quantity).eq(1).clear().type(quantity);\n  cy.xpath(_Selector.selectors.update_btn).click();\n  cy.wait(6000);\n  const expectedTotal = itemPrice * quantity;\n  cy.xpath(_Selector.selectors.total_cost).eq(1).invoke('text').then(totalText => {\n    const uiTotal = parseFloat(totalText.replace('$', ''));\n    cy.log('UI Total: ' + uiTotal);\n    cy.log('Expected Total: ' + expectedTotal);\n    expect(uiTotal).to.equal(expectedTotal);\n  });\n});",
              "err": {},
              "uuid": "fd990a89-e6b9-4332-bc8e-d71b932b5b23",
              "parentUUID": "23307677-3ab9-4980-bcf6-abb33705a290",
              "isHook": false,
              "skipped": false
            },
            {
              "title": "Verify user can remove an item from cart",
              "fullTitle": "Add to Cart Verify user can remove an item from cart",
              "timedOut": null,
              "duration": 1553,
              "state": "passed",
              "speed": "fast",
              "pass": true,
              "fail": false,
              "pending": false,
              "context": null,
              "code": "cy.xpath(_Selector.selectors.cart_btn).click();\ncy.xpath(_Selector.selectors.cart_body).should('contain.text', 'Remove');\ncy.xpath(_Selector.selectors.remove_aitem_btn).eq(2).click();",
              "err": {},
              "uuid": "ad7d814f-7137-42c3-a354-5b17bf9f325b",
              "parentUUID": "23307677-3ab9-4980-bcf6-abb33705a290",
              "isHook": false,
              "skipped": false
            },
            {
              "title": "verify user can remove all items from cart",
              "fullTitle": "Add to Cart verify user can remove all items from cart",
              "timedOut": null,
              "duration": 2158,
              "state": "passed",
              "speed": "fast",
              "pass": true,
              "fail": false,
              "pending": false,
              "context": null,
              "code": "cy.xpath(_Selector.selectors.cart_btn).click();\ncy.xpath(_Selector.selectors.cart_body).should('contain.text', 'Remove All');\ncy.xpath(_Selector.selectors.remove_all_btn).click();",
              "err": {},
              "uuid": "2a3545ba-3512-4dee-bdca-f902de88b553",
              "parentUUID": "23307677-3ab9-4980-bcf6-abb33705a290",
              "isHook": false,
              "skipped": false
            },
            {
              "title": "verify user can checkout with valid credentials",
              "fullTitle": "Add to Cart verify user can checkout with valid credentials",
              "timedOut": null,
              "duration": 24176,
              "state": "passed",
              "speed": "slow",
              "pass": true,
              "fail": false,
              "pending": false,
              "context": null,
              "code": "cy.get('body').should('contain.text', 'Dogs');\ncy.xpath(_Selector.selectors.dogs_ctgry).click();\ncy.xpath(_Selector.selectors.bulldog_productid).click();\ncy.contains('Add to Cart').should('be.visible');\ncy.xpath(_Selector.selectors.male_adult_bulldog_cart_btn).click();\ncy.contains('Male Adult Bulldog').should('be.visible');\n//\ncy.xpath(_Selector.selectors.return_to_main_menu_btn).click();\ncy.xpath(_Selector.selectors.dogs_ctgry).click();\ncy.xpath(_Selector.selectors.poodle_productid).click();\ncy.xpath(_Selector.selectors.poodle_itemid).click();\ncy.contains('Add to Cart').should('be.visible');\ncy.xpath(_Selector.selectors.poodle_cart_btn).click();\ncy.contains(\"Male Puppy Poodle\").should('be.visible');\n//\ncy.xpath(_Selector.selectors.return_to_main_menu_btn).click();\ncy.xpath(_Selector.selectors.dogs_ctgry).click();\ncy.xpath(_Selector.selectors.dalmation_product_id).click();\ncy.contains('Add to Cart').should('be.visible');\ncy.xpath(_Selector.selectors.Spotted_Adult_Female_Dalmation_cart_btn).click();\ncy.contains(\"Adult Female Dalmation\").should('be.visible');\n//\ncy.xpath(_Selector.selectors.return_to_main_menu_btn).click();\ncy.xpath(_Selector.selectors.dogs_ctgry).click();\ncy.xpath(_Selector.selectors.golden_retriever_produt_id).click();\ncy.contains('Add to Cart').should('be.visible');\ncy.xpath(_Selector.selectors.adult_female_golden_retriever_cart_btn).click();\ncy.contains('Adult Female Golden Retriever').should('be.visible');\n//\ncy.xpath(_Selector.selectors.return_to_main_menu_btn).click();\ncy.xpath(_Selector.selectors.dogs_ctgry).click();\ncy.xpath(_Selector.selectors.labrador_retriever_product_id).click();\ncy.contains('Add to Cart').should('be.visible');\ncy.xpath(_Selector.selectors.adult_male_labrador_retriever_cart_btn).click();\ncy.contains('Adult Male Labrador Retriever').should('be.visible');\n//\ncy.xpath(_Selector.selectors.return_to_main_menu_btn).click();\ncy.xpath(_Selector.selectors.dogs_ctgry).click();\ncy.xpath(_Selector.selectors.chihuahua_productid).click();\ncy.contains('Add to Cart').should('be.visible');\ncy.xpath(_Selector.selectors.adult_female_chihuahua_cartbtn).click();\ncy.contains('Adult Female Chihuahua').should('be.visible');\n//assertion\ncy.xpath(_Selector.selectors.cart_body).within(() => {\n  cy.contains('Male Adult Bulldog').should('be.visible');\n  cy.contains('Male Puppy Poodle').should('be.visible');\n  cy.contains('Adult Female Dalmation').should('be.visible');\n  cy.contains('Adult Female Golden Retriever').should('be.visible');\n  cy.contains('Adult Male Labrador Retriever').should('be.visible');\n  cy.contains('Adult Female Chihuahua').should('be.visible');\n});\ncy.xpath(_Selector.selectors.cart_btn).click();\n// cy.xpath(selectors.cart_body).should('have.text','Proceed to Checkout' );\ncy.xpath(_Selector.selectors.checkout_btn).click();\ncy.xpath(_Selector.selectors.card_type).select('MasterCard');\ncy.xpath(_Selector.selectors.card_no).clear().type('16714712129838');\ncy.xpath(_Selector.selectors.expiry_date).clear().type('12/2029');\ncy.xpath(_Selector.selectors.checkout_firstname).clear().type('Zoya');\ncy.xpath(_Selector.selectors.checkout_lastname).clear().type('Khan');\ncy.xpath(_Selector.selectors.checkout_address1).clear().type('Sanga');\ncy.xpath(_Selector.selectors.checkout_address2).clear().type('Kavre');\ncy.xpath(_Selector.selectors.checkout_city).clear().type('Bhaktapur');\ncy.xpath(_Selector.selectors.checkout_state).clear().type('Bagmati');\ncy.xpath(_Selector.selectors.checkout_zip).clear().type('12345');\ncy.xpath(_Selector.selectors.checkout_country).clear().type(\"nepal\");\ncy.xpath(_Selector.selectors.checkout_continue_btn).click();\ncy.contains('Please confirm the information below and then press continue').should('be.visible');\ncy.xpath(_Selector.selectors.confirm_btn).click();\ncy.contains('Thank you, your order has been submitted.').should('be.visible');",
              "err": {},
              "uuid": "ecde5359-8962-4b87-8eb7-bb30bf75b214",
              "parentUUID": "23307677-3ab9-4980-bcf6-abb33705a290",
              "isHook": false,
              "skipped": false
            },
            {
              "title": "verify user cannot checkout with empty checkout details",
              "fullTitle": "Add to Cart verify user cannot checkout with empty checkout details",
              "timedOut": null,
              "duration": 3948,
              "state": "passed",
              "speed": "fast",
              "pass": true,
              "fail": false,
              "pending": false,
              "context": null,
              "code": "cy.xpath(_Selector.selectors.fish_ctgry).click();\ncy.xpath(_Selector.selectors.goldfish_productid).click();\ncy.contains('Add to Cart').should('be.visible');\ncy.xpath(_Selector.selectors.adult_female_goldfish_cart_btn).click();\ncy.contains('Adult Female Goldfish').should('be.visible');\n// cy.xpath(selectors.cart_body).should('have.text','Proceed to Checkout' );\ncy.xpath(_Selector.selectors.checkout_btn).click();\ncy.xpath(_Selector.selectors.card_no).clear();\ncy.xpath(_Selector.selectors.expiry_date).clear();\ncy.xpath(_Selector.selectors.checkout_firstname).clear();\ncy.xpath(_Selector.selectors.checkout_lastname).clear();\ncy.xpath(_Selector.selectors.checkout_address1).clear();\ncy.xpath(_Selector.selectors.checkout_address2).clear();\ncy.xpath(_Selector.selectors.checkout_city).clear();\ncy.xpath(_Selector.selectors.checkout_state).clear();\ncy.xpath(_Selector.selectors.checkout_zip).clear();\ncy.xpath(_Selector.selectors.checkout_country).clear();\ncy.xpath(_Selector.selectors.checkout_continue_btn).click();\ncy.contains('must not be blank').should('be.visible');",
              "err": {},
              "uuid": "ca72a201-8a54-4943-bd62-27e66c41acf9",
              "parentUUID": "23307677-3ab9-4980-bcf6-abb33705a290",
              "isHook": false,
              "skipped": false
            },
            {
              "title": "verify user can delete their order",
              "fullTitle": "Add to Cart verify user can delete their order",
              "timedOut": null,
              "duration": 6840,
              "state": "passed",
              "speed": "medium",
              "pass": true,
              "fail": false,
              "pending": false,
              "context": null,
              "code": "cy.xpath(_Selector.selectors.fish_ctgry).click();\ncy.xpath(_Selector.selectors.angelfish_productid).click();\ncy.contains('Add to Cart').should('be.visible');\ncy.xpath(_Selector.selectors.small_angelfish_cart_btn).click();\ncy.contains('Small Angelfish').should('be.visible');\n//  cy.xpath(selectors.cart_body).should('have.text','Proceed to Checkout' );\ncy.xpath(_Selector.selectors.checkout_btn).click();\ncy.xpath(_Selector.selectors.card_type).select('MasterCard');\ncy.xpath(_Selector.selectors.card_no).clear().type('16714712129838');\ncy.xpath(_Selector.selectors.expiry_date).clear().type('12/2029');\ncy.xpath(_Selector.selectors.checkout_firstname).clear().type('Zoya');\ncy.xpath(_Selector.selectors.checkout_lastname).clear().type('Khan');\ncy.xpath(_Selector.selectors.checkout_address1).clear().type('Sanga');\ncy.xpath(_Selector.selectors.checkout_address2).clear().type('Kavre');\ncy.xpath(_Selector.selectors.checkout_city).clear().type('Bhaktapur');\ncy.xpath(_Selector.selectors.checkout_state).clear().type('Bagmati');\ncy.xpath(_Selector.selectors.checkout_zip).clear().type('12345');\ncy.xpath(_Selector.selectors.checkout_country).clear().type(\"nepal\");\ncy.xpath(_Selector.selectors.checkout_continue_btn).click();\ncy.contains('Please confirm the information below and then press continue').should('be.visible');\ncy.xpath(_Selector.selectors.confirm_btn).click();\ncy.contains('Thank you, your order has been submitted.').should('be.visible');\ncy.xpath(_Selector.selectors.delete_btn).click();\ncy.log('Order deleted');",
              "err": {},
              "uuid": "115a7d98-83ab-4c06-b69d-0f1d519fc67a",
              "parentUUID": "23307677-3ab9-4980-bcf6-abb33705a290",
              "isHook": false,
              "skipped": false
            }
          ],
          "suites": [],
          "passes": [
            "e6633f9e-fd65-421f-b3c3-c80f32b14640",
            "6678cc8e-5afb-4c1f-a1a0-ac892cab931c",
            "28cdf3b0-1ed3-4cba-a910-5fabcc69abf0",
            "fd990a89-e6b9-4332-bc8e-d71b932b5b23",
            "ad7d814f-7137-42c3-a354-5b17bf9f325b",
            "2a3545ba-3512-4dee-bdca-f902de88b553",
            "ecde5359-8962-4b87-8eb7-bb30bf75b214",
            "ca72a201-8a54-4943-bd62-27e66c41acf9",
            "115a7d98-83ab-4c06-b69d-0f1d519fc67a"
          ],
          "failures": [],
          "pending": [],
          "skipped": [],
          "duration": 74062,
          "root": false,
          "rootEmpty": false,
          "_timeout": 2000
        }
      ],
      "passes": [],
      "failures": [],
      "pending": [],
      "skipped": [],
      "duration": 0,
      "root": true,
      "rootEmpty": true,
      "_timeout": 2000
    }
  ],
  "meta": {
    "mocha": {
      "version": "7.2.0"
    },
    "mochawesome": {
      "options": {
        "quiet": false,
        "reportFilename": "mochawesome",
        "saveHtml": false,
        "saveJson": true,
        "consoleReporter": "spec",
        "useInlineDiffs": false,
        "code": true
      },
      "version": "7.1.4"
    },
    "marge": {
      "options": {
        "charts": true,
        "reportPageTitle": "Cypress Test Report",
        "embeddedScreenshots": true,
        "inlineAssets": true,
        "saveAllAttempts": false,
        "overwrite": false,
        "html": false,
        "json": true,
        "reportDir": "cypress\\reports\\html\\.jsons"
      },
      "version": "6.3.2"
    }
  }
}