{
  "stats": {
    "suites": 1,
    "tests": 9,
    "passes": 9,
    "pending": 0,
    "failures": 0,
    "start": "2026-05-12T12:44:26.235Z",
    "end": "2026-05-12T12:45:52.850Z",
    "duration": 86615,
    "testsRegistered": 9,
    "passPercent": 100,
    "pendingPercent": 0,
    "other": 0,
    "hasOther": false,
    "skipped": 0,
    "hasSkipped": false
  },
  "results": [
    {
      "uuid": "6dc5638b-f1c6-43ac-968f-0d38b8e06cd0",
      "title": "",
      "fullFile": "cypress\\e2e\\JPetStore\\Dogs_category.cy.js",
      "file": "cypress\\e2e\\JPetStore\\Dogs_category.cy.js",
      "beforeHooks": [],
      "afterHooks": [],
      "tests": [],
      "suites": [
        {
          "uuid": "e8b441fa-dc1c-4b60-a2e1-7c9836c96647",
          "title": "Add to Cart",
          "fullFile": "",
          "file": "",
          "beforeHooks": [],
          "afterHooks": [],
          "tests": [
            {
              "title": "verify user can add items to cart from Dogs category",
              "fullTitle": "Add to Cart verify user can add items to cart from Dogs category",
              "timedOut": null,
              "duration": 22321,
              "state": "passed",
              "speed": "slow",
              "pass": true,
              "fail": false,
              "pending": false,
              "context": null,
              "code": "cy.get('body').should('contain.text', 'Dogs');\ncy.xpath(_Selector.selectors.dogs_ctgry).click();\ncy.xpath(_Selector.selectors.bulldog_productid).click();\ncy.contains('Add to Cart').should('be.visible');\ncy.xpath(_Selector.selectors.male_adult_bulldog_cart_btn).click();\ncy.contains('Male Adult Bulldog').should('be.visible');\n//\ncy.xpath(_Selector.selectors.return_to_main_menu_btn).click();\ncy.xpath(_Selector.selectors.dogs_ctgry).click();\ncy.xpath(_Selector.selectors.poodle_productid).click();\ncy.xpath(_Selector.selectors.poodle_itemid).click();\ncy.contains('Add to Cart').should('be.visible');\ncy.xpath(_Selector.selectors.poodle_cart_btn).click();\ncy.contains(\"Male Puppy Poodle\").should('be.visible');\n//\ncy.xpath(_Selector.selectors.return_to_main_menu_btn).click();\ncy.xpath(_Selector.selectors.dogs_ctgry).click();\ncy.xpath(_Selector.selectors.dalmation_product_id).click();\ncy.contains('Add to Cart').should('be.visible');\ncy.xpath(_Selector.selectors.Spotted_Adult_Female_Dalmation_cart_btn).click();\ncy.contains(\"Adult Female Dalmation\").should('be.visible');\n//\ncy.xpath(_Selector.selectors.return_to_main_menu_btn).click();\ncy.xpath(_Selector.selectors.dogs_ctgry).click();\ncy.xpath(_Selector.selectors.golden_retriever_produt_id).click();\ncy.contains('Add to Cart').should('be.visible');\ncy.xpath(_Selector.selectors.adult_female_golden_retriever_cart_btn).click();\ncy.contains('Adult Female Golden Retriever').should('be.visible');\n//\ncy.xpath(_Selector.selectors.return_to_main_menu_btn).click();\ncy.xpath(_Selector.selectors.dogs_ctgry).click();\ncy.xpath(_Selector.selectors.labrador_retriever_product_id).click();\ncy.contains('Add to Cart').should('be.visible');\ncy.xpath(_Selector.selectors.adult_male_labrador_retriever_cart_btn).click();\ncy.contains('Adult Male Labrador Retriever').should('be.visible');\n//\ncy.xpath(_Selector.selectors.return_to_main_menu_btn).click();\ncy.xpath(_Selector.selectors.dogs_ctgry).click();\ncy.xpath(_Selector.selectors.chihuahua_productid).click();\ncy.contains('Add to Cart').should('be.visible');\ncy.xpath(_Selector.selectors.adult_female_chihuahua_cartbtn).click();\ncy.contains('Adult Female Chihuahua').should('be.visible');\n//assertion\ncy.xpath(_Selector.selectors.cart_body).within(() => {\n  cy.contains('Male Adult Bulldog').should('be.visible');\n  cy.contains('Male Puppy Poodle').should('be.visible');\n  cy.contains('Adult Female Dalmation').should('be.visible');\n  cy.contains('Adult Female Golden Retriever').should('be.visible');\n  cy.contains('Adult Male Labrador Retriever').should('be.visible');\n  cy.contains('Adult Female Chihuahua').should('be.visible');\n});",
              "err": {},
              "uuid": "b7964d5b-6978-4ce9-a544-91c09933ffab",
              "parentUUID": "e8b441fa-dc1c-4b60-a2e1-7c9836c96647",
              "isHook": false,
              "skipped": false
            },
            {
              "title": "verify user can increase the item in cart",
              "fullTitle": "Add to Cart verify user can increase the item in cart",
              "timedOut": null,
              "duration": 1977,
              "state": "passed",
              "speed": "fast",
              "pass": true,
              "fail": false,
              "pending": false,
              "context": null,
              "code": "cy.xpath(_Selector.selectors.cart_btn).click();\ncy.xpath(_Selector.selectors.quantity).eq(3).clear().type('10');\ncy.xpath(_Selector.selectors.update_btn).click();\ncy.xpath(_Selector.selectors.quantity).eq(3).should('have.value', '10');",
              "err": {},
              "uuid": "fdd3b6aa-2d6c-418b-96f9-044854c21f3d",
              "parentUUID": "e8b441fa-dc1c-4b60-a2e1-7c9836c96647",
              "isHook": false,
              "skipped": false
            },
            {
              "title": "verify user cannot decrease the item in cart below 0",
              "fullTitle": "Add to Cart verify user cannot decrease the item in cart below 0",
              "timedOut": null,
              "duration": 2221,
              "state": "passed",
              "speed": "fast",
              "pass": true,
              "fail": false,
              "pending": false,
              "context": null,
              "code": "cy.xpath(_Selector.selectors.cart_btn).click();\ncy.xpath(_Selector.selectors.quantity).eq(0).clear().type('-1');\ncy.xpath(_Selector.selectors.update_btn).click();\ncy.xpath(_Selector.selectors.quantity).eq(0).should('have.value', '-1');",
              "err": {},
              "uuid": "bda06723-b4b5-4c2b-ac35-5ec5a6c72270",
              "parentUUID": "e8b441fa-dc1c-4b60-a2e1-7c9836c96647",
              "isHook": false,
              "skipped": false
            },
            {
              "title": "verify total price increases with quantity",
              "fullTitle": "Add to Cart verify total price increases with quantity",
              "timedOut": null,
              "duration": 13945,
              "state": "passed",
              "speed": "slow",
              "pass": true,
              "fail": false,
              "pending": false,
              "context": null,
              "code": "cy.xpath(_Selector.selectors.cart_btn).click();\nconst quantity = 5;\ncy.xpath(_Selector.selectors.item_price).eq(1).invoke('text').then(priceText => {\n  const itemPrice = parseFloat(priceText.replace('$', ''));\n  // FORCE reset quantity properly\n  //  cy.xpath(selectors.quantity).eq(1).clear().type('{selectall}{backspace}' + quantity);\n  cy.wait(5000);\n  cy.xpath(_Selector.selectors.quantity).eq(1).clear().type(quantity);\n  cy.xpath(_Selector.selectors.update_btn).click();\n  cy.wait(6000);\n  const expectedTotal = itemPrice * quantity;\n  cy.xpath(_Selector.selectors.total_cost).eq(1).invoke('text').then(totalText => {\n    const uiTotal = parseFloat(totalText.replace('$', ''));\n    cy.log('UI Total: ' + uiTotal);\n    cy.log('Expected Total: ' + expectedTotal);\n    expect(uiTotal).to.equal(expectedTotal);\n  });\n});",
              "err": {},
              "uuid": "b71123dc-e63b-465a-972a-df0b9f0b4054",
              "parentUUID": "e8b441fa-dc1c-4b60-a2e1-7c9836c96647",
              "isHook": false,
              "skipped": false
            },
            {
              "title": "Verify user can remove an item from cart",
              "fullTitle": "Add to Cart Verify user can remove an item from cart",
              "timedOut": null,
              "duration": 1958,
              "state": "passed",
              "speed": "fast",
              "pass": true,
              "fail": false,
              "pending": false,
              "context": null,
              "code": "cy.xpath(_Selector.selectors.cart_btn).click();\ncy.xpath(_Selector.selectors.cart_body).should('contain.text', 'Remove');\ncy.xpath(_Selector.selectors.remove_aitem_btn).eq(2).click();",
              "err": {},
              "uuid": "e5682e71-83e8-41e2-b438-686c542d0102",
              "parentUUID": "e8b441fa-dc1c-4b60-a2e1-7c9836c96647",
              "isHook": false,
              "skipped": false
            },
            {
              "title": "verify user can remove all items from cart",
              "fullTitle": "Add to Cart verify user can remove all items from cart",
              "timedOut": null,
              "duration": 3456,
              "state": "passed",
              "speed": "fast",
              "pass": true,
              "fail": false,
              "pending": false,
              "context": null,
              "code": "cy.xpath(_Selector.selectors.cart_btn).click();\ncy.xpath(_Selector.selectors.cart_body).should('contain.text', 'Remove All');\ncy.xpath(_Selector.selectors.remove_all_btn).click();",
              "err": {},
              "uuid": "f1ec14d3-8267-4744-a2c5-aff6cbd33de4",
              "parentUUID": "e8b441fa-dc1c-4b60-a2e1-7c9836c96647",
              "isHook": false,
              "skipped": false
            },
            {
              "title": "verify user can checkout with valid credentials",
              "fullTitle": "Add to Cart verify user can checkout with valid credentials",
              "timedOut": null,
              "duration": 24352,
              "state": "passed",
              "speed": "slow",
              "pass": true,
              "fail": false,
              "pending": false,
              "context": null,
              "code": "cy.get('body').should('contain.text', 'Dogs');\ncy.xpath(_Selector.selectors.dogs_ctgry).click();\ncy.xpath(_Selector.selectors.bulldog_productid).click();\ncy.contains('Add to Cart').should('be.visible');\ncy.xpath(_Selector.selectors.male_adult_bulldog_cart_btn).click();\ncy.contains('Male Adult Bulldog').should('be.visible');\n//\ncy.xpath(_Selector.selectors.return_to_main_menu_btn).click();\ncy.xpath(_Selector.selectors.dogs_ctgry).click();\ncy.xpath(_Selector.selectors.poodle_productid).click();\ncy.xpath(_Selector.selectors.poodle_itemid).click();\ncy.contains('Add to Cart').should('be.visible');\ncy.xpath(_Selector.selectors.poodle_cart_btn).click();\ncy.contains(\"Male Puppy Poodle\").should('be.visible');\n//\ncy.xpath(_Selector.selectors.return_to_main_menu_btn).click();\ncy.xpath(_Selector.selectors.dogs_ctgry).click();\ncy.xpath(_Selector.selectors.dalmation_product_id).click();\ncy.contains('Add to Cart').should('be.visible');\ncy.xpath(_Selector.selectors.Spotted_Adult_Female_Dalmation_cart_btn).click();\ncy.contains(\"Adult Female Dalmation\").should('be.visible');\n//\ncy.xpath(_Selector.selectors.return_to_main_menu_btn).click();\ncy.xpath(_Selector.selectors.dogs_ctgry).click();\ncy.xpath(_Selector.selectors.golden_retriever_produt_id).click();\ncy.contains('Add to Cart').should('be.visible');\ncy.xpath(_Selector.selectors.adult_female_golden_retriever_cart_btn).click();\ncy.contains('Adult Female Golden Retriever').should('be.visible');\n//\ncy.xpath(_Selector.selectors.return_to_main_menu_btn).click();\ncy.xpath(_Selector.selectors.dogs_ctgry).click();\ncy.xpath(_Selector.selectors.labrador_retriever_product_id).click();\ncy.contains('Add to Cart').should('be.visible');\ncy.xpath(_Selector.selectors.adult_male_labrador_retriever_cart_btn).click();\ncy.contains('Adult Male Labrador Retriever').should('be.visible');\n//\ncy.xpath(_Selector.selectors.return_to_main_menu_btn).click();\ncy.xpath(_Selector.selectors.dogs_ctgry).click();\ncy.xpath(_Selector.selectors.chihuahua_productid).click();\ncy.contains('Add to Cart').should('be.visible');\ncy.xpath(_Selector.selectors.adult_female_chihuahua_cartbtn).click();\ncy.contains('Adult Female Chihuahua').should('be.visible');\n//assertion\ncy.xpath(_Selector.selectors.cart_body).within(() => {\n  cy.contains('Male Adult Bulldog').should('be.visible');\n  cy.contains('Male Puppy Poodle').should('be.visible');\n  cy.contains('Adult Female Dalmation').should('be.visible');\n  cy.contains('Adult Female Golden Retriever').should('be.visible');\n  cy.contains('Adult Male Labrador Retriever').should('be.visible');\n  cy.contains('Adult Female Chihuahua').should('be.visible');\n});\ncy.xpath(_Selector.selectors.cart_btn).click();\n// cy.xpath(selectors.cart_body).should('have.text','Proceed to Checkout' );\ncy.xpath(_Selector.selectors.checkout_btn).click();\ncy.xpath(_Selector.selectors.card_type).select('MasterCard');\ncy.xpath(_Selector.selectors.card_no).clear().type('16714712129838');\ncy.xpath(_Selector.selectors.expiry_date).clear().type('12/2029');\ncy.xpath(_Selector.selectors.checkout_firstname).clear().type('Zoya');\ncy.xpath(_Selector.selectors.checkout_lastname).clear().type('Khan');\ncy.xpath(_Selector.selectors.checkout_address1).clear().type('Sanga');\ncy.xpath(_Selector.selectors.checkout_address2).clear().type('Kavre');\ncy.xpath(_Selector.selectors.checkout_city).clear().type('Bhaktapur');\ncy.xpath(_Selector.selectors.checkout_state).clear().type('Bagmati');\ncy.xpath(_Selector.selectors.checkout_zip).clear().type('12345');\ncy.xpath(_Selector.selectors.checkout_country).clear().type(\"nepal\");\ncy.xpath(_Selector.selectors.checkout_continue_btn).click();\ncy.contains('Please confirm the information below and then press continue').should('be.visible');\ncy.xpath(_Selector.selectors.confirm_btn).click();\ncy.contains('Thank you, your order has been submitted.').should('be.visible');",
              "err": {},
              "uuid": "27318503-9efd-4130-94af-afbbda055eee",
              "parentUUID": "e8b441fa-dc1c-4b60-a2e1-7c9836c96647",
              "isHook": false,
              "skipped": false
            },
            {
              "title": "verify user cannot checkout with empty checkout details",
              "fullTitle": "Add to Cart verify user cannot checkout with empty checkout details",
              "timedOut": null,
              "duration": 6271,
              "state": "passed",
              "speed": "medium",
              "pass": true,
              "fail": false,
              "pending": false,
              "context": null,
              "code": "cy.xpath(_Selector.selectors.fish_ctgry).click();\ncy.xpath(_Selector.selectors.goldfish_productid).click();\ncy.contains('Add to Cart').should('be.visible');\ncy.xpath(_Selector.selectors.adult_female_goldfish_cart_btn).click();\ncy.contains('Adult Female Goldfish').should('be.visible');\n// cy.xpath(selectors.cart_body).should('have.text','Proceed to Checkout' );\ncy.xpath(_Selector.selectors.checkout_btn).click();\ncy.xpath(_Selector.selectors.card_no).clear();\ncy.xpath(_Selector.selectors.expiry_date).clear();\ncy.xpath(_Selector.selectors.checkout_firstname).clear();\ncy.xpath(_Selector.selectors.checkout_lastname).clear();\ncy.xpath(_Selector.selectors.checkout_address1).clear();\ncy.xpath(_Selector.selectors.checkout_address2).clear();\ncy.xpath(_Selector.selectors.checkout_city).clear();\ncy.xpath(_Selector.selectors.checkout_state).clear();\ncy.xpath(_Selector.selectors.checkout_zip).clear();\ncy.xpath(_Selector.selectors.checkout_country).clear();\ncy.xpath(_Selector.selectors.checkout_continue_btn).click();\ncy.contains('must not be blank').should('be.visible');",
              "err": {},
              "uuid": "f055359e-13e2-4ebc-8aa3-019a0f74cbe7",
              "parentUUID": "e8b441fa-dc1c-4b60-a2e1-7c9836c96647",
              "isHook": false,
              "skipped": false
            },
            {
              "title": "verify user can delete their order",
              "fullTitle": "Add to Cart verify user can delete their order",
              "timedOut": null,
              "duration": 9433,
              "state": "passed",
              "speed": "medium",
              "pass": true,
              "fail": false,
              "pending": false,
              "context": null,
              "code": "cy.xpath(_Selector.selectors.fish_ctgry).click();\ncy.xpath(_Selector.selectors.angelfish_productid).click();\ncy.contains('Add to Cart').should('be.visible');\ncy.xpath(_Selector.selectors.small_angelfish_cart_btn).click();\ncy.contains('Small Angelfish').should('be.visible');\n//  cy.xpath(selectors.cart_body).should('have.text','Proceed to Checkout' );\ncy.xpath(_Selector.selectors.checkout_btn).click();\ncy.xpath(_Selector.selectors.card_type).select('MasterCard');\ncy.xpath(_Selector.selectors.card_no).clear().type('16714712129838');\ncy.xpath(_Selector.selectors.expiry_date).clear().type('12/2029');\ncy.xpath(_Selector.selectors.checkout_firstname).clear().type('Zoya');\ncy.xpath(_Selector.selectors.checkout_lastname).clear().type('Khan');\ncy.xpath(_Selector.selectors.checkout_address1).clear().type('Sanga');\ncy.xpath(_Selector.selectors.checkout_address2).clear().type('Kavre');\ncy.xpath(_Selector.selectors.checkout_city).clear().type('Bhaktapur');\ncy.xpath(_Selector.selectors.checkout_state).clear().type('Bagmati');\ncy.xpath(_Selector.selectors.checkout_zip).clear().type('12345');\ncy.xpath(_Selector.selectors.checkout_country).clear().type(\"nepal\");\ncy.xpath(_Selector.selectors.checkout_continue_btn).click();\ncy.contains('Please confirm the information below and then press continue').should('be.visible');\ncy.xpath(_Selector.selectors.confirm_btn).click();\ncy.contains('Thank you, your order has been submitted.').should('be.visible');\ncy.xpath(_Selector.selectors.delete_btn).click();\ncy.log('Order deleted');",
              "err": {},
              "uuid": "ff7b0900-994d-44fe-9393-44b33b8510d0",
              "parentUUID": "e8b441fa-dc1c-4b60-a2e1-7c9836c96647",
              "isHook": false,
              "skipped": false
            }
          ],
          "suites": [],
          "passes": [
            "b7964d5b-6978-4ce9-a544-91c09933ffab",
            "fdd3b6aa-2d6c-418b-96f9-044854c21f3d",
            "bda06723-b4b5-4c2b-ac35-5ec5a6c72270",
            "b71123dc-e63b-465a-972a-df0b9f0b4054",
            "e5682e71-83e8-41e2-b438-686c542d0102",
            "f1ec14d3-8267-4744-a2c5-aff6cbd33de4",
            "27318503-9efd-4130-94af-afbbda055eee",
            "f055359e-13e2-4ebc-8aa3-019a0f74cbe7",
            "ff7b0900-994d-44fe-9393-44b33b8510d0"
          ],
          "failures": [],
          "pending": [],
          "skipped": [],
          "duration": 85934,
          "root": false,
          "rootEmpty": false,
          "_timeout": 2000
        }
      ],
      "passes": [],
      "failures": [],
      "pending": [],
      "skipped": [],
      "duration": 0,
      "root": true,
      "rootEmpty": true,
      "_timeout": 2000
    }
  ],
  "meta": {
    "mocha": {
      "version": "7.2.0"
    },
    "mochawesome": {
      "options": {
        "quiet": false,
        "reportFilename": "mochawesome",
        "saveHtml": false,
        "saveJson": true,
        "consoleReporter": "spec",
        "useInlineDiffs": false,
        "code": true
      },
      "version": "7.1.4"
    },
    "marge": {
      "options": {
        "charts": true,
        "reportPageTitle": "Cypress Test Report",
        "embeddedScreenshots": true,
        "inlineAssets": true,
        "saveAllAttempts": false,
        "overwrite": false,
        "html": false,
        "json": true,
        "reportDir": "cypress\\reports\\html\\.jsons"
      },
      "version": "6.3.2"
    }
  }
}