{
  "stats": {
    "suites": 1,
    "tests": 9,
    "passes": 8,
    "pending": 0,
    "failures": 1,
    "start": "2026-05-16T12:59:12.263Z",
    "end": "2026-05-16T13:00:02.192Z",
    "duration": 49929,
    "testsRegistered": 9,
    "passPercent": 88.88888888888889,
    "pendingPercent": 0,
    "other": 0,
    "hasOther": false,
    "skipped": 0,
    "hasSkipped": false
  },
  "results": [
    {
      "uuid": "f50ada64-3925-4a99-b2b4-b80bb95ec6b5",
      "title": "",
      "fullFile": "cypress\\e2e\\JPetStore\\Cat_category.cy.js",
      "file": "cypress\\e2e\\JPetStore\\Cat_category.cy.js",
      "beforeHooks": [],
      "afterHooks": [],
      "tests": [],
      "suites": [
        {
          "uuid": "c4ced6f8-caa4-4d3a-bf5e-087deee41e36",
          "title": "Add to Cart",
          "fullFile": "",
          "file": "",
          "beforeHooks": [],
          "afterHooks": [],
          "tests": [
            {
              "title": "verify user can add items to cart from cats category ",
              "fullTitle": "Add to Cart verify user can add items to cart from cats category ",
              "timedOut": null,
              "duration": 12404,
              "state": "passed",
              "speed": "slow",
              "pass": true,
              "fail": false,
              "pending": false,
              "context": null,
              "code": "//cy.get('body').should('contain.text', 'Cats');\ncy.xpath(_Selector.selectors.cat_ctrgy).click();\ncy.xpath(_Selector.selectors.manx_product_id).click();\ncy.xpath(_Selector.selectors.tailless_manx_item_id);\ncy.contains('Add to Cart').should('be.visible');\ncy.xpath(_Selector.selectors.taillessmanx_crt_btn).click();\ncy.contains('Tailless Manx').should('be.visible');\n//adult male persian\ncy.xpath(_Selector.selectors.return_to_main_menu_btn).click();\ncy.xpath(_Selector.selectors.cat_ctrgy).click();\ncy.xpath(_Selector.selectors.persian_product_id).click();\ncy.contains('Add to Cart').should('be.visible');\ncy.xpath(_Selector.selectors.adult_male_persian_crt_btn).click();\ncy.contains('Adult Male Persian').should('be.visible');\n//assertion\ncy.xpath(_Selector.selectors.cart_body).within(() => {\n  cy.contains('Tailless Manx').should('be.visible');\n  cy.contains('Adult Male Persian').should('be.visible');\n});",
              "err": {},
              "uuid": "ebee70ee-6a86-45a6-8691-f24689a2544d",
              "parentUUID": "c4ced6f8-caa4-4d3a-bf5e-087deee41e36",
              "isHook": false,
              "skipped": false
            },
            {
              "title": "verify user can increase the item in cart",
              "fullTitle": "Add to Cart verify user can increase the item in cart",
              "timedOut": null,
              "duration": 1385,
              "state": "passed",
              "speed": "fast",
              "pass": true,
              "fail": false,
              "pending": false,
              "context": null,
              "code": "cy.xpath(_Selector.selectors.cart_btn).click();\ncy.xpath(_Selector.selectors.quantity).eq(1).clear().type('10');\ncy.xpath(_Selector.selectors.update_btn).click();\ncy.xpath(_Selector.selectors.quantity).eq(1).should('have.value', '10');",
              "err": {},
              "uuid": "e9e08cac-d495-4a1d-ae6b-9c708e18b46a",
              "parentUUID": "c4ced6f8-caa4-4d3a-bf5e-087deee41e36",
              "isHook": false,
              "skipped": false
            },
            {
              "title": "verify user cannot decrease the item in cart below 0",
              "fullTitle": "Add to Cart verify user cannot decrease the item in cart below 0",
              "timedOut": null,
              "duration": 5880,
              "state": "failed",
              "speed": null,
              "pass": false,
              "fail": true,
              "pending": false,
              "context": "{\n  \"title\": \"cypress-mochawesome-reporter-screenshots\",\n  \"value\": [\n    [\n      \"\\\\Cat_category.cy.js\\\\Add to Cart -- verify user cannot decrease the item in cart below 0 (failed).png\"\n    ]\n  ]\n}",
              "code": "cy.xpath(_Selector.selectors.cart_btn).click();\ncy.xpath(_Selector.selectors.quantity).eq(0).clear().type('1');\ncy.xpath();\ncy.xpath(_Selector.selectors.update_btn).click();\ncy.xpath(_Selector.selectors.quantity).eq(0).should('have.value', '-1');",
              "err": {
                "message": "AssertionError: Timed out retrying after 4000ms: Expected to find element: `undefined`, but never found it.",
                "estack": "AssertionError: Timed out retrying after 4000ms: Expected to find element: `undefined`, but never found it.\n    at Context.eval (webpack://cypress/./cypress/e2e/JPetStore/Cat_category.cy.js:59:11)",
                "diff": null
              },
              "uuid": "d2e6093a-60aa-4e0f-af90-b782cd205fa0",
              "parentUUID": "c4ced6f8-caa4-4d3a-bf5e-087deee41e36",
              "isHook": false,
              "skipped": false
            },
            {
              "title": "verify total price increases with quantity",
              "fullTitle": "Add to Cart verify total price increases with quantity",
              "timedOut": null,
              "duration": 5540,
              "state": "passed",
              "speed": "medium",
              "pass": true,
              "fail": false,
              "pending": false,
              "context": null,
              "code": "cy.xpath(_Selector.selectors.cart_btn).click();\nconst quantity = 5;\ncy.xpath(_Selector.selectors.item_price).eq(1).invoke('text').then(priceText => {\n  const itemPrice = parseFloat(priceText.replace('$', ''));\n  // FORCE reset quantity properly\n  cy.xpath(_Selector.selectors.quantity).eq(1).clear().type('{selectall}{backspace}' + quantity);\n  cy.xpath(_Selector.selectors.update_btn).click();\n  cy.wait(4000);\n  const expectedTotal = itemPrice * quantity;\n  cy.xpath(_Selector.selectors.total_cost).eq(1).invoke('text').then(totalText => {\n    const uiTotal = parseFloat(totalText.replace('$', ''));\n    cy.log('UI Total: ' + uiTotal);\n    cy.log('Expected Total: ' + expectedTotal);\n    expect(uiTotal).to.equal(expectedTotal);\n  });\n});",
              "err": {},
              "uuid": "e293f84a-634e-40c5-b4ce-6ef8e184e3ec",
              "parentUUID": "c4ced6f8-caa4-4d3a-bf5e-087deee41e36",
              "isHook": false,
              "skipped": false
            },
            {
              "title": "Verify user can remove an item from cart",
              "fullTitle": "Add to Cart Verify user can remove an item from cart",
              "timedOut": null,
              "duration": 1228,
              "state": "passed",
              "speed": "fast",
              "pass": true,
              "fail": false,
              "pending": false,
              "context": null,
              "code": "cy.xpath(_Selector.selectors.cart_btn).click();\ncy.xpath(_Selector.selectors.cart_body).should('contain.text', 'Remove');\ncy.xpath(_Selector.selectors.remove_aitem_btn).eq(1).click();",
              "err": {},
              "uuid": "687dbecc-043b-412f-9117-d2e8a7f15e3c",
              "parentUUID": "c4ced6f8-caa4-4d3a-bf5e-087deee41e36",
              "isHook": false,
              "skipped": false
            },
            {
              "title": "verify user can remove all items from cart",
              "fullTitle": "Add to Cart verify user can remove all items from cart",
              "timedOut": null,
              "duration": 2481,
              "state": "passed",
              "speed": "fast",
              "pass": true,
              "fail": false,
              "pending": false,
              "context": null,
              "code": "cy.xpath(_Selector.selectors.cart_btn).click();\ncy.xpath(_Selector.selectors.cart_body).should('contain.text', 'Remove All');\ncy.xpath(_Selector.selectors.remove_all_btn).click();",
              "err": {},
              "uuid": "993e31c5-65af-4b27-9d50-7f2f66522cf5",
              "parentUUID": "c4ced6f8-caa4-4d3a-bf5e-087deee41e36",
              "isHook": false,
              "skipped": false
            },
            {
              "title": "verify user can checkout with valid credentials",
              "fullTitle": "Add to Cart verify user can checkout with valid credentials",
              "timedOut": null,
              "duration": 9581,
              "state": "passed",
              "speed": "medium",
              "pass": true,
              "fail": false,
              "pending": false,
              "context": null,
              "code": "cy.xpath(_Selector.selectors.cat_ctrgy).click();\ncy.xpath(_Selector.selectors.manx_product_id).click();\ncy.xpath(_Selector.selectors.tailless_manx_item_id);\ncy.contains('Add to Cart').should('be.visible');\ncy.xpath(_Selector.selectors.taillessmanx_crt_btn).click();\ncy.contains('Tailless Manx').should('be.visible');\n//adult male persian\ncy.xpath(_Selector.selectors.return_to_main_menu_btn).click();\ncy.xpath(_Selector.selectors.cat_ctrgy).click();\ncy.xpath(_Selector.selectors.persian_product_id).click();\ncy.contains('Add to Cart').should('be.visible');\ncy.xpath(_Selector.selectors.adult_male_persian_crt_btn).click();\ncy.contains('Adult Male Persian').should('be.visible');\n//assertion\ncy.xpath(_Selector.selectors.cart_body).within(() => {\n  cy.contains('Tailless Manx').should('be.visible');\n  cy.contains('Adult Male Persian').should('be.visible');\n});\n//cy.xpath(selectors.cart_btn).click();\n// cy.xpath(selectors.cart_body).should('have.text','Proceed to Checkout' );\ncy.xpath(_Selector.selectors.checkout_btn).click();\ncy.xpath(_Selector.selectors.card_type).select('MasterCard');\ncy.xpath(_Selector.selectors.card_no).clear().type('16714712129838');\ncy.xpath(_Selector.selectors.expiry_date).clear().type('12/2029');\ncy.xpath(_Selector.selectors.checkout_firstname).clear().type('Zoya');\ncy.xpath(_Selector.selectors.checkout_lastname).clear().type('Khan');\ncy.xpath(_Selector.selectors.checkout_address1).clear().type('Sanga');\ncy.xpath(_Selector.selectors.checkout_address2).clear().type('Kavre');\ncy.xpath(_Selector.selectors.checkout_city).clear().type('Bhaktapur');\ncy.xpath(_Selector.selectors.checkout_state).clear().type('Bagmati');\ncy.xpath(_Selector.selectors.checkout_zip).clear().type('12345');\ncy.xpath(_Selector.selectors.checkout_country).clear().type(\"nepal\");\ncy.xpath(_Selector.selectors.checkout_continue_btn).click();\ncy.contains('Please confirm the information below and then press continue').should('be.visible');\ncy.xpath(_Selector.selectors.confirm_btn).click();\ncy.contains('Thank you, your order has been submitted.').should('be.visible');",
              "err": {},
              "uuid": "c85907da-e2b7-48fc-932a-55835089f295",
              "parentUUID": "c4ced6f8-caa4-4d3a-bf5e-087deee41e36",
              "isHook": false,
              "skipped": false
            },
            {
              "title": "verify user cannot checkout with empty checkout details",
              "fullTitle": "Add to Cart verify user cannot checkout with empty checkout details",
              "timedOut": null,
              "duration": 4042,
              "state": "passed",
              "speed": "fast",
              "pass": true,
              "fail": false,
              "pending": false,
              "context": null,
              "code": "cy.xpath(_Selector.selectors.fish_ctgry).click();\ncy.xpath(_Selector.selectors.goldfish_productid).click();\ncy.contains('Add to Cart').should('be.visible');\ncy.xpath(_Selector.selectors.adult_female_goldfish_cart_btn).click();\ncy.contains('Adult Female Goldfish').should('be.visible');\n// cy.xpath(selectors.cart_body).should('have.text','Proceed to Checkout' );\ncy.xpath(_Selector.selectors.checkout_btn).click();\ncy.xpath(_Selector.selectors.card_no).clear();\ncy.xpath(_Selector.selectors.expiry_date).clear();\ncy.xpath(_Selector.selectors.checkout_firstname).clear();\ncy.xpath(_Selector.selectors.checkout_lastname).clear();\ncy.xpath(_Selector.selectors.checkout_address1).clear();\ncy.xpath(_Selector.selectors.checkout_address2).clear();\ncy.xpath(_Selector.selectors.checkout_city).clear();\ncy.xpath(_Selector.selectors.checkout_state).clear();\ncy.xpath(_Selector.selectors.checkout_zip).clear();\ncy.xpath(_Selector.selectors.checkout_country).clear();\ncy.xpath(_Selector.selectors.checkout_continue_btn).click();\ncy.contains('must not be blank').should('be.visible');",
              "err": {},
              "uuid": "e6c2b109-7032-4532-9d93-b238edc170ae",
              "parentUUID": "c4ced6f8-caa4-4d3a-bf5e-087deee41e36",
              "isHook": false,
              "skipped": false
            },
            {
              "title": "verify user can delete their order",
              "fullTitle": "Add to Cart verify user can delete their order",
              "timedOut": null,
              "duration": 6881,
              "state": "passed",
              "speed": "medium",
              "pass": true,
              "fail": false,
              "pending": false,
              "context": null,
              "code": "cy.xpath(_Selector.selectors.fish_ctgry).click();\ncy.xpath(_Selector.selectors.angelfish_productid).click();\ncy.contains('Add to Cart').should('be.visible');\ncy.xpath(_Selector.selectors.small_angelfish_cart_btn).click();\ncy.contains('Small Angelfish').should('be.visible');\n//  cy.xpath(selectors.cart_body).should('have.text','Proceed to Checkout' );\ncy.xpath(_Selector.selectors.checkout_btn).click();\ncy.xpath(_Selector.selectors.card_type).select('MasterCard');\ncy.xpath(_Selector.selectors.card_no).clear().type('16714712129838');\ncy.xpath(_Selector.selectors.expiry_date).clear().type('12/2029');\ncy.xpath(_Selector.selectors.checkout_firstname).clear().type('Zoya');\ncy.xpath(_Selector.selectors.checkout_lastname).clear().type('Khan');\ncy.xpath(_Selector.selectors.checkout_address1).clear().type('Sanga');\ncy.xpath(_Selector.selectors.checkout_address2).clear().type('Kavre');\ncy.xpath(_Selector.selectors.checkout_city).clear().type('Bhaktapur');\ncy.xpath(_Selector.selectors.checkout_state).clear().type('Bagmati');\ncy.xpath(_Selector.selectors.checkout_zip).clear().type('12345');\ncy.xpath(_Selector.selectors.checkout_country).clear().type(\"nepal\");\ncy.xpath(_Selector.selectors.checkout_continue_btn).click();\ncy.contains('Please confirm the information below and then press continue').should('be.visible');\ncy.xpath(_Selector.selectors.confirm_btn).click();\ncy.contains('Thank you, your order has been submitted.').should('be.visible');\ncy.xpath(_Selector.selectors.delete_btn).click();\ncy.log('Order deleted');",
              "err": {},
              "uuid": "64d7957d-b357-4d7b-b5dd-1ec1f8e32d3a",
              "parentUUID": "c4ced6f8-caa4-4d3a-bf5e-087deee41e36",
              "isHook": false,
              "skipped": false
            }
          ],
          "suites": [],
          "passes": [
            "ebee70ee-6a86-45a6-8691-f24689a2544d",
            "e9e08cac-d495-4a1d-ae6b-9c708e18b46a",
            "e293f84a-634e-40c5-b4ce-6ef8e184e3ec",
            "687dbecc-043b-412f-9117-d2e8a7f15e3c",
            "993e31c5-65af-4b27-9d50-7f2f66522cf5",
            "c85907da-e2b7-48fc-932a-55835089f295",
            "e6c2b109-7032-4532-9d93-b238edc170ae",
            "64d7957d-b357-4d7b-b5dd-1ec1f8e32d3a"
          ],
          "failures": [
            "d2e6093a-60aa-4e0f-af90-b782cd205fa0"
          ],
          "pending": [],
          "skipped": [],
          "duration": 49422,
          "root": false,
          "rootEmpty": false,
          "_timeout": 2000
        }
      ],
      "passes": [],
      "failures": [],
      "pending": [],
      "skipped": [],
      "duration": 0,
      "root": true,
      "rootEmpty": true,
      "_timeout": 2000
    }
  ],
  "meta": {
    "mocha": {
      "version": "7.2.0"
    },
    "mochawesome": {
      "options": {
        "quiet": false,
        "reportFilename": "mochawesome",
        "saveHtml": false,
        "saveJson": true,
        "consoleReporter": "spec",
        "useInlineDiffs": false,
        "code": true
      },
      "version": "7.1.4"
    },
    "marge": {
      "options": {
        "charts": true,
        "reportPageTitle": "Cypress Test Report",
        "embeddedScreenshots": true,
        "inlineAssets": true,
        "saveAllAttempts": false,
        "overwrite": false,
        "html": false,
        "json": true,
        "reportDir": "cypress\\reports\\html\\.jsons"
      },
      "version": "6.3.2"
    }
  }
}