{
  "stats": {
    "suites": 1,
    "tests": 9,
    "passes": 8,
    "pending": 0,
    "failures": 1,
    "start": "2026-05-16T12:47:43.737Z",
    "end": "2026-05-16T12:48:34.966Z",
    "duration": 51229,
    "testsRegistered": 9,
    "passPercent": 88.88888888888889,
    "pendingPercent": 0,
    "other": 0,
    "hasOther": false,
    "skipped": 0,
    "hasSkipped": false
  },
  "results": [
    {
      "uuid": "eabb27f7-0808-4da1-af7b-777c389befd2",
      "title": "",
      "fullFile": "cypress\\e2e\\JPetStore\\Cat_category.cy.js",
      "file": "cypress\\e2e\\JPetStore\\Cat_category.cy.js",
      "beforeHooks": [],
      "afterHooks": [],
      "tests": [],
      "suites": [
        {
          "uuid": "1c1e8cec-95bc-4851-ae04-8280c8066489",
          "title": "Add to Cart",
          "fullFile": "",
          "file": "",
          "beforeHooks": [],
          "afterHooks": [],
          "tests": [
            {
              "title": "verify user can add items to cart from cats category ",
              "fullTitle": "Add to Cart verify user can add items to cart from cats category ",
              "timedOut": null,
              "duration": 12758,
              "state": "passed",
              "speed": "slow",
              "pass": true,
              "fail": false,
              "pending": false,
              "context": null,
              "code": "//cy.get('body').should('contain.text', 'Cats');\ncy.xpath(_Selector.selectors.cat_ctrgy).click();\ncy.xpath(_Selector.selectors.manx_product_id).click();\ncy.xpath(_Selector.selectors.tailless_manx_item_id);\ncy.contains('Add to Cart').should('be.visible');\ncy.xpath(_Selector.selectors.taillessmanx_crt_btn).click();\ncy.contains('Tailless Manx').should('be.visible');\n//adult male persian\ncy.xpath(_Selector.selectors.return_to_main_menu_btn).click();\ncy.xpath(_Selector.selectors.cat_ctrgy).click();\ncy.xpath(_Selector.selectors.persian_product_id).click();\ncy.contains('Add to Cart').should('be.visible');\ncy.xpath(_Selector.selectors.adult_male_persian_crt_btn).click();\ncy.contains('Adult Male Persian').should('be.visible');\n//assertion\ncy.xpath(_Selector.selectors.cart_body).within(() => {\n  cy.contains('Tailless Manx').should('be.visible');\n  cy.contains('Adult Male Persian').should('be.visible');\n});",
              "err": {},
              "uuid": "19e9d152-f33e-4abf-ba0f-ec91f914dd05",
              "parentUUID": "1c1e8cec-95bc-4851-ae04-8280c8066489",
              "isHook": false,
              "skipped": false
            },
            {
              "title": "verify user can increase the item in cart",
              "fullTitle": "Add to Cart verify user can increase the item in cart",
              "timedOut": null,
              "duration": 2408,
              "state": "passed",
              "speed": "fast",
              "pass": true,
              "fail": false,
              "pending": false,
              "context": null,
              "code": "cy.xpath(_Selector.selectors.cart_btn).click();\ncy.xpath(_Selector.selectors.quantity).eq(1).clear().type('10');\ncy.xpath(_Selector.selectors.update_btn).click();\ncy.xpath(_Selector.selectors.quantity).eq(1).should('have.value', '10');",
              "err": {},
              "uuid": "97013cff-4eb9-4581-bae3-96d86d3ec188",
              "parentUUID": "1c1e8cec-95bc-4851-ae04-8280c8066489",
              "isHook": false,
              "skipped": false
            },
            {
              "title": "verify user cannot decrease the item in cart below 0",
              "fullTitle": "Add to Cart verify user cannot decrease the item in cart below 0",
              "timedOut": null,
              "duration": 5977,
              "state": "failed",
              "speed": null,
              "pass": false,
              "fail": true,
              "pending": false,
              "context": "{\n  \"title\": \"cypress-mochawesome-reporter-screenshots\",\n  \"value\": [\n    [\n      \"\\\\JPetStore\\\\Cat_category.cy.js\\\\Add to Cart -- verify user cannot decrease the item in cart below 0 (failed) (1).png\"\n    ]\n  ]\n}",
              "code": "cy.xpath(_Selector.selectors.cart_btn).click();\ncy.xpath(_Selector.selectors.quantity).eq(0).clear().type('1');\ncy.xpath();\ncy.xpath(_Selector.selectors.update_btn).click();\ncy.xpath(_Selector.selectors.quantity).eq(0).should('have.value', '-1');",
              "err": {
                "message": "AssertionError: Timed out retrying after 4000ms: Expected to find element: `undefined`, but never found it.",
                "estack": "AssertionError: Timed out retrying after 4000ms: Expected to find element: `undefined`, but never found it.\n    at Context.eval (webpack://cypress/./cypress/e2e/JPetStore/Cat_category.cy.js:59:11)",
                "diff": null
              },
              "uuid": "12ae7187-397e-4276-a411-c9ed77f1056f",
              "parentUUID": "1c1e8cec-95bc-4851-ae04-8280c8066489",
              "isHook": false,
              "skipped": false
            },
            {
              "title": "verify total price increases with quantity",
              "fullTitle": "Add to Cart verify total price increases with quantity",
              "timedOut": null,
              "duration": 5944,
              "state": "passed",
              "speed": "medium",
              "pass": true,
              "fail": false,
              "pending": false,
              "context": null,
              "code": "cy.xpath(_Selector.selectors.cart_btn).click();\nconst quantity = 5;\ncy.xpath(_Selector.selectors.item_price).eq(1).invoke('text').then(priceText => {\n  const itemPrice = parseFloat(priceText.replace('$', ''));\n  // FORCE reset quantity properly\n  cy.xpath(_Selector.selectors.quantity).eq(1).clear().type('{selectall}{backspace}' + quantity);\n  cy.xpath(_Selector.selectors.update_btn).click();\n  cy.wait(4000);\n  const expectedTotal = itemPrice * quantity;\n  cy.xpath(_Selector.selectors.total_cost).eq(1).invoke('text').then(totalText => {\n    const uiTotal = parseFloat(totalText.replace('$', ''));\n    cy.log('UI Total: ' + uiTotal);\n    cy.log('Expected Total: ' + expectedTotal);\n    expect(uiTotal).to.equal(expectedTotal);\n  });\n});",
              "err": {},
              "uuid": "511f3799-c87a-4d96-bf80-f937b6d8eb11",
              "parentUUID": "1c1e8cec-95bc-4851-ae04-8280c8066489",
              "isHook": false,
              "skipped": false
            },
            {
              "title": "Verify user can remove an item from cart",
              "fullTitle": "Add to Cart Verify user can remove an item from cart",
              "timedOut": null,
              "duration": 1272,
              "state": "passed",
              "speed": "fast",
              "pass": true,
              "fail": false,
              "pending": false,
              "context": null,
              "code": "cy.xpath(_Selector.selectors.cart_btn).click();\ncy.xpath(_Selector.selectors.cart_body).should('contain.text', 'Remove');\ncy.xpath(_Selector.selectors.remove_aitem_btn).eq(1).click();",
              "err": {},
              "uuid": "11de5961-c6da-4bbc-b6ab-9a7d67c6f2cc",
              "parentUUID": "1c1e8cec-95bc-4851-ae04-8280c8066489",
              "isHook": false,
              "skipped": false
            },
            {
              "title": "verify user can remove all items from cart",
              "fullTitle": "Add to Cart verify user can remove all items from cart",
              "timedOut": null,
              "duration": 2294,
              "state": "passed",
              "speed": "fast",
              "pass": true,
              "fail": false,
              "pending": false,
              "context": null,
              "code": "cy.xpath(_Selector.selectors.cart_btn).click();\ncy.xpath(_Selector.selectors.cart_body).should('contain.text', 'Remove All');\ncy.xpath(_Selector.selectors.remove_all_btn).click();",
              "err": {},
              "uuid": "b0cb5e7e-8d0c-4cfb-8626-6cc671baab95",
              "parentUUID": "1c1e8cec-95bc-4851-ae04-8280c8066489",
              "isHook": false,
              "skipped": false
            },
            {
              "title": "verify user can checkout with valid credentials",
              "fullTitle": "Add to Cart verify user can checkout with valid credentials",
              "timedOut": null,
              "duration": 8792,
              "state": "passed",
              "speed": "medium",
              "pass": true,
              "fail": false,
              "pending": false,
              "context": null,
              "code": "cy.xpath(_Selector.selectors.cat_ctrgy).click();\ncy.xpath(_Selector.selectors.manx_product_id).click();\ncy.xpath(_Selector.selectors.tailless_manx_item_id);\ncy.contains('Add to Cart').should('be.visible');\ncy.xpath(_Selector.selectors.taillessmanx_crt_btn).click();\ncy.contains('Tailless Manx').should('be.visible');\n//adult male persian\ncy.xpath(_Selector.selectors.return_to_main_menu_btn).click();\ncy.xpath(_Selector.selectors.cat_ctrgy).click();\ncy.xpath(_Selector.selectors.persian_product_id).click();\ncy.contains('Add to Cart').should('be.visible');\ncy.xpath(_Selector.selectors.adult_male_persian_crt_btn).click();\ncy.contains('Adult Male Persian').should('be.visible');\n//assertion\ncy.xpath(_Selector.selectors.cart_body).within(() => {\n  cy.contains('Tailless Manx').should('be.visible');\n  cy.contains('Adult Male Persian').should('be.visible');\n});\n//cy.xpath(selectors.cart_btn).click();\n// cy.xpath(selectors.cart_body).should('have.text','Proceed to Checkout' );\ncy.xpath(_Selector.selectors.checkout_btn).click();\ncy.xpath(_Selector.selectors.card_type).select('MasterCard');\ncy.xpath(_Selector.selectors.card_no).clear().type('16714712129838');\ncy.xpath(_Selector.selectors.expiry_date).clear().type('12/2029');\ncy.xpath(_Selector.selectors.checkout_firstname).clear().type('Zoya');\ncy.xpath(_Selector.selectors.checkout_lastname).clear().type('Khan');\ncy.xpath(_Selector.selectors.checkout_address1).clear().type('Sanga');\ncy.xpath(_Selector.selectors.checkout_address2).clear().type('Kavre');\ncy.xpath(_Selector.selectors.checkout_city).clear().type('Bhaktapur');\ncy.xpath(_Selector.selectors.checkout_state).clear().type('Bagmati');\ncy.xpath(_Selector.selectors.checkout_zip).clear().type('12345');\ncy.xpath(_Selector.selectors.checkout_country).clear().type(\"nepal\");\ncy.xpath(_Selector.selectors.checkout_continue_btn).click();\ncy.contains('Please confirm the information below and then press continue').should('be.visible');\ncy.xpath(_Selector.selectors.confirm_btn).click();\ncy.contains('Thank you, your order has been submitted.').should('be.visible');",
              "err": {},
              "uuid": "ea35d5f9-0fe5-438f-adb9-4d724dc6fe0f",
              "parentUUID": "1c1e8cec-95bc-4851-ae04-8280c8066489",
              "isHook": false,
              "skipped": false
            },
            {
              "title": "verify user cannot checkout with empty checkout details",
              "fullTitle": "Add to Cart verify user cannot checkout with empty checkout details",
              "timedOut": null,
              "duration": 4204,
              "state": "passed",
              "speed": "fast",
              "pass": true,
              "fail": false,
              "pending": false,
              "context": null,
              "code": "cy.xpath(_Selector.selectors.fish_ctgry).click();\ncy.xpath(_Selector.selectors.goldfish_productid).click();\ncy.contains('Add to Cart').should('be.visible');\ncy.xpath(_Selector.selectors.adult_female_goldfish_cart_btn).click();\ncy.contains('Adult Female Goldfish').should('be.visible');\n// cy.xpath(selectors.cart_body).should('have.text','Proceed to Checkout' );\ncy.xpath(_Selector.selectors.checkout_btn).click();\ncy.xpath(_Selector.selectors.card_no).clear();\ncy.xpath(_Selector.selectors.expiry_date).clear();\ncy.xpath(_Selector.selectors.checkout_firstname).clear();\ncy.xpath(_Selector.selectors.checkout_lastname).clear();\ncy.xpath(_Selector.selectors.checkout_address1).clear();\ncy.xpath(_Selector.selectors.checkout_address2).clear();\ncy.xpath(_Selector.selectors.checkout_city).clear();\ncy.xpath(_Selector.selectors.checkout_state).clear();\ncy.xpath(_Selector.selectors.checkout_zip).clear();\ncy.xpath(_Selector.selectors.checkout_country).clear();\ncy.xpath(_Selector.selectors.checkout_continue_btn).click();\ncy.contains('must not be blank').should('be.visible');",
              "err": {},
              "uuid": "d021cf7c-8725-4b13-b01d-328957c9b311",
              "parentUUID": "1c1e8cec-95bc-4851-ae04-8280c8066489",
              "isHook": false,
              "skipped": false
            },
            {
              "title": "verify user can delete their order",
              "fullTitle": "Add to Cart verify user can delete their order",
              "timedOut": null,
              "duration": 7090,
              "state": "passed",
              "speed": "medium",
              "pass": true,
              "fail": false,
              "pending": false,
              "context": null,
              "code": "cy.xpath(_Selector.selectors.fish_ctgry).click();\ncy.xpath(_Selector.selectors.angelfish_productid).click();\ncy.contains('Add to Cart').should('be.visible');\ncy.xpath(_Selector.selectors.small_angelfish_cart_btn).click();\ncy.contains('Small Angelfish').should('be.visible');\n//  cy.xpath(selectors.cart_body).should('have.text','Proceed to Checkout' );\ncy.xpath(_Selector.selectors.checkout_btn).click();\ncy.xpath(_Selector.selectors.card_type).select('MasterCard');\ncy.xpath(_Selector.selectors.card_no).clear().type('16714712129838');\ncy.xpath(_Selector.selectors.expiry_date).clear().type('12/2029');\ncy.xpath(_Selector.selectors.checkout_firstname).clear().type('Zoya');\ncy.xpath(_Selector.selectors.checkout_lastname).clear().type('Khan');\ncy.xpath(_Selector.selectors.checkout_address1).clear().type('Sanga');\ncy.xpath(_Selector.selectors.checkout_address2).clear().type('Kavre');\ncy.xpath(_Selector.selectors.checkout_city).clear().type('Bhaktapur');\ncy.xpath(_Selector.selectors.checkout_state).clear().type('Bagmati');\ncy.xpath(_Selector.selectors.checkout_zip).clear().type('12345');\ncy.xpath(_Selector.selectors.checkout_country).clear().type(\"nepal\");\ncy.xpath(_Selector.selectors.checkout_continue_btn).click();\ncy.contains('Please confirm the information below and then press continue').should('be.visible');\ncy.xpath(_Selector.selectors.confirm_btn).click();\ncy.contains('Thank you, your order has been submitted.').should('be.visible');\ncy.xpath(_Selector.selectors.delete_btn).click();\ncy.log('Order deleted');",
              "err": {},
              "uuid": "79dbfb45-942f-4e53-9130-6bc5c6234cc7",
              "parentUUID": "1c1e8cec-95bc-4851-ae04-8280c8066489",
              "isHook": false,
              "skipped": false
            }
          ],
          "suites": [],
          "passes": [
            "19e9d152-f33e-4abf-ba0f-ec91f914dd05",
            "97013cff-4eb9-4581-bae3-96d86d3ec188",
            "511f3799-c87a-4d96-bf80-f937b6d8eb11",
            "11de5961-c6da-4bbc-b6ab-9a7d67c6f2cc",
            "b0cb5e7e-8d0c-4cfb-8626-6cc671baab95",
            "ea35d5f9-0fe5-438f-adb9-4d724dc6fe0f",
            "d021cf7c-8725-4b13-b01d-328957c9b311",
            "79dbfb45-942f-4e53-9130-6bc5c6234cc7"
          ],
          "failures": [
            "12ae7187-397e-4276-a411-c9ed77f1056f"
          ],
          "pending": [],
          "skipped": [],
          "duration": 50739,
          "root": false,
          "rootEmpty": false,
          "_timeout": 2000
        }
      ],
      "passes": [],
      "failures": [],
      "pending": [],
      "skipped": [],
      "duration": 0,
      "root": true,
      "rootEmpty": true,
      "_timeout": 2000
    }
  ],
  "meta": {
    "mocha": {
      "version": "7.2.0"
    },
    "mochawesome": {
      "options": {
        "quiet": false,
        "reportFilename": "mochawesome",
        "saveHtml": false,
        "saveJson": true,
        "consoleReporter": "spec",
        "useInlineDiffs": false,
        "code": true
      },
      "version": "7.1.4"
    },
    "marge": {
      "options": {
        "charts": true,
        "reportPageTitle": "Cypress Test Report",
        "embeddedScreenshots": true,
        "inlineAssets": true,
        "saveAllAttempts": false,
        "overwrite": false,
        "html": false,
        "json": true,
        "reportDir": "cypress\\reports\\html\\.jsons"
      },
      "version": "6.3.2"
    }
  }
}